-------------------------------------------------------------------------------
Test set: com.stackroute.questions.QGCategorySeviceImplTest
-------------------------------------------------------------------------------
Tests run: 5, Failures: 0, Errors: 5, Skipped: 0, Time elapsed: 0.408 s <<< FAILURE! - in com.stackroute.questions.QGCategorySeviceImplTest
testAddCategory(com.stackroute.questions.QGCategorySeviceImplTest)  Time elapsed: 0.167 s  <<< ERROR!
org.mockito.exceptions.base.MockitoException: 

Mockito cannot mock this class: interface com.stackroute.questions.repository.QGCategoryRepository.

Mockito can only mock non-private & non-final classes.
If you're not sure why you're getting this error, please report to the mailing list.


Java               : 11
JVM vendor name    : Oracle Corporation
JVM vendor version : 11.0.1+13-Ubuntu-3ubuntu118.04ppa1
JVM name           : OpenJDK 64-Bit Server VM
JVM version        : 11.0.1+13-Ubuntu-3ubuntu118.04ppa1
JVM info           : mixed mode, sharing
OS name            : Linux
OS version         : 4.15.0-45-generic


Underlying exception : java.lang.UnsupportedOperationException: Cannot define class using reflection
	at com.stackroute.questions.QGCategorySeviceImplTest.setup(QGCategorySeviceImplTest.java:29)
Caused by: java.lang.UnsupportedOperationException: Cannot define class using reflection
	at com.stackroute.questions.QGCategorySeviceImplTest.setup(QGCategorySeviceImplTest.java:29)
Caused by: java.lang.IllegalStateException: Could not find sun.misc.Unsafe
Caused by: java.lang.NoSuchMethodException: sun.misc.Unsafe.defineClass(java.lang.String, [B, int, int, java.lang.ClassLoader, java.security.ProtectionDomain)

testGetAllCategories(com.stackroute.questions.QGCategorySeviceImplTest)  Time elapsed: 0.092 s  <<< ERROR!
org.mockito.exceptions.base.MockitoException: 

Mockito cannot mock this class: interface com.stackroute.questions.repository.QGCategoryRepository.

Mockito can only mock non-private & non-final classes.
If you're not sure why you're getting this error, please report to the mailing list.


Java               : 11
JVM vendor name    : Oracle Corporation
JVM vendor version : 11.0.1+13-Ubuntu-3ubuntu118.04ppa1
JVM name           : OpenJDK 64-Bit Server VM
JVM version        : 11.0.1+13-Ubuntu-3ubuntu118.04ppa1
JVM info           : mixed mode, sharing
OS name            : Linux
OS version         : 4.15.0-45-generic


Underlying exception : java.lang.UnsupportedOperationException: Cannot define class using reflection
	at com.stackroute.questions.QGCategorySeviceImplTest.setup(QGCategorySeviceImplTest.java:29)
Caused by: java.lang.UnsupportedOperationException: Cannot define class using reflection
	at com.stackroute.questions.QGCategorySeviceImplTest.setup(QGCategorySeviceImplTest.java:29)
Caused by: java.lang.IllegalStateException: Could not find sun.misc.Unsafe
Caused by: java.lang.NoSuchMethodException: sun.misc.Unsafe.defineClass(java.lang.String, [B, int, int, java.lang.ClassLoader, java.security.ProtectionDomain)

testFindCategoryById(com.stackroute.questions.QGCategorySeviceImplTest)  Time elapsed: 0.048 s  <<< ERROR!
org.mockito.exceptions.base.MockitoException: 

Mockito cannot mock this class: interface com.stackroute.questions.repository.QGCategoryRepository.

Mockito can only mock non-private & non-final classes.
If you're not sure why you're getting this error, please report to the mailing list.


Java               : 11
JVM vendor name    : Oracle Corporation
JVM vendor version : 11.0.1+13-Ubuntu-3ubuntu118.04ppa1
JVM name           : OpenJDK 64-Bit Server VM
JVM version        : 11.0.1+13-Ubuntu-3ubuntu118.04ppa1
JVM info           : mixed mode, sharing
OS name            : Linux
OS version         : 4.15.0-45-generic


Underlying exception : java.lang.UnsupportedOperationException: Cannot define class using reflection
	at com.stackroute.questions.QGCategorySeviceImplTest.setup(QGCategorySeviceImplTest.java:29)
Caused by: java.lang.UnsupportedOperationException: Cannot define class using reflection
	at com.stackroute.questions.QGCategorySeviceImplTest.setup(QGCategorySeviceImplTest.java:29)
Caused by: java.lang.IllegalStateException: Could not find sun.misc.Unsafe
Caused by: java.lang.NoSuchMethodException: sun.misc.Unsafe.defineClass(java.lang.String, [B, int, int, java.lang.ClassLoader, java.security.ProtectionDomain)

testFindCategoryByName(com.stackroute.questions.QGCategorySeviceImplTest)  Time elapsed: 0.049 s  <<< ERROR!
org.mockito.exceptions.base.MockitoException: 

Mockito cannot mock this class: interface com.stackroute.questions.repository.QGCategoryRepository.

Mockito can only mock non-private & non-final classes.
If you're not sure why you're getting this error, please report to the mailing list.


Java               : 11
JVM vendor name    : Oracle Corporation
JVM vendor version : 11.0.1+13-Ubuntu-3ubuntu118.04ppa1
JVM name           : OpenJDK 64-Bit Server VM
JVM version        : 11.0.1+13-Ubuntu-3ubuntu118.04ppa1
JVM info           : mixed mode, sharing
OS name            : Linux
OS version         : 4.15.0-45-generic


Underlying exception : java.lang.UnsupportedOperationException: Cannot define class using reflection
	at com.stackroute.questions.QGCategorySeviceImplTest.setup(QGCategorySeviceImplTest.java:29)
Caused by: java.lang.UnsupportedOperationException: Cannot define class using reflection
	at com.stackroute.questions.QGCategorySeviceImplTest.setup(QGCategorySeviceImplTest.java:29)
Caused by: java.lang.IllegalStateException: Could not find sun.misc.Unsafe
Caused by: java.lang.NoSuchMethodException: sun.misc.Unsafe.defineClass(java.lang.String, [B, int, int, java.lang.ClassLoader, java.security.ProtectionDomain)

testUpdaterestaurantById(com.stackroute.questions.QGCategorySeviceImplTest)  Time elapsed: 0.052 s  <<< ERROR!
org.mockito.exceptions.base.MockitoException: 

Mockito cannot mock this class: interface com.stackroute.questions.repository.QGCategoryRepository.

Mockito can only mock non-private & non-final classes.
If you're not sure why you're getting this error, please report to the mailing list.


Java               : 11
JVM vendor name    : Oracle Corporation
JVM vendor version : 11.0.1+13-Ubuntu-3ubuntu118.04ppa1
JVM name           : OpenJDK 64-Bit Server VM
JVM version        : 11.0.1+13-Ubuntu-3ubuntu118.04ppa1
JVM info           : mixed mode, sharing
OS name            : Linux
OS version         : 4.15.0-45-generic


Underlying exception : java.lang.UnsupportedOperationException: Cannot define class using reflection
	at com.stackroute.questions.QGCategorySeviceImplTest.setup(QGCategorySeviceImplTest.java:29)
Caused by: java.lang.UnsupportedOperationException: Cannot define class using reflection
	at com.stackroute.questions.QGCategorySeviceImplTest.setup(QGCategorySeviceImplTest.java:29)
Caused by: java.lang.IllegalStateException: Could not find sun.misc.Unsafe
Caused by: java.lang.NoSuchMethodException: sun.misc.Unsafe.defineClass(java.lang.String, [B, int, int, java.lang.ClassLoader, java.security.ProtectionDomain)

