-------------------------------------------------------------------------------
Test set: com.stackroute.questions.QGControllerTest
-------------------------------------------------------------------------------
Tests run: 4, Failures: 0, Errors: 4, Skipped: 0, Time elapsed: 9.223 s <<< FAILURE! - in com.stackroute.questions.QGControllerTest
testAddCategory(com.stackroute.questions.QGControllerTest)  Time elapsed: 0.012 s  <<< ERROR!
java.lang.IllegalStateException: Failed to load ApplicationContext
Caused by: org.mockito.exceptions.base.MockitoException: 

Mockito cannot mock this class: class com.stackroute.questions.kafka.Sender.

Mockito can only mock non-private & non-final classes.
If you're not sure why you're getting this error, please report to the mailing list.


Java               : 11
JVM vendor name    : Oracle Corporation
JVM vendor version : 11.0.1+13-Ubuntu-3ubuntu118.04ppa1
JVM name           : OpenJDK 64-Bit Server VM
JVM version        : 11.0.1+13-Ubuntu-3ubuntu118.04ppa1
JVM info           : mixed mode, sharing
OS name            : Linux
OS version         : 4.15.0-45-generic


Underlying exception : java.lang.UnsupportedOperationException: Cannot define class using reflection
Caused by: java.lang.UnsupportedOperationException: Cannot define class using reflection
Caused by: java.lang.IllegalStateException: Could not find sun.misc.Unsafe
Caused by: java.lang.NoSuchMethodException: sun.misc.Unsafe.defineClass(java.lang.String, [B, int, int, java.lang.ClassLoader, java.security.ProtectionDomain)

testGetAllCategories(com.stackroute.questions.QGControllerTest)  Time elapsed: 0 s  <<< ERROR!
java.lang.IllegalStateException: Failed to load ApplicationContext
Caused by: org.mockito.exceptions.base.MockitoException: 

Mockito cannot mock this class: class com.stackroute.questions.kafka.Sender.

Mockito can only mock non-private & non-final classes.
If you're not sure why you're getting this error, please report to the mailing list.


Java               : 11
JVM vendor name    : Oracle Corporation
JVM vendor version : 11.0.1+13-Ubuntu-3ubuntu118.04ppa1
JVM name           : OpenJDK 64-Bit Server VM
JVM version        : 11.0.1+13-Ubuntu-3ubuntu118.04ppa1
JVM info           : mixed mode, sharing
OS name            : Linux
OS version         : 4.15.0-45-generic


Underlying exception : java.lang.UnsupportedOperationException: Cannot define class using reflection
Caused by: java.lang.UnsupportedOperationException: Cannot define class using reflection
Caused by: java.lang.IllegalStateException: Could not find sun.misc.Unsafe
Caused by: java.lang.NoSuchMethodException: sun.misc.Unsafe.defineClass(java.lang.String, [B, int, int, java.lang.ClassLoader, java.security.ProtectionDomain)

testFindByCategoryId(com.stackroute.questions.QGControllerTest)  Time elapsed: 0.001 s  <<< ERROR!
java.lang.IllegalStateException: Failed to load ApplicationContext
Caused by: org.mockito.exceptions.base.MockitoException: 

Mockito cannot mock this class: class com.stackroute.questions.kafka.Sender.

Mockito can only mock non-private & non-final classes.
If you're not sure why you're getting this error, please report to the mailing list.


Java               : 11
JVM vendor name    : Oracle Corporation
JVM vendor version : 11.0.1+13-Ubuntu-3ubuntu118.04ppa1
JVM name           : OpenJDK 64-Bit Server VM
JVM version        : 11.0.1+13-Ubuntu-3ubuntu118.04ppa1
JVM info           : mixed mode, sharing
OS name            : Linux
OS version         : 4.15.0-45-generic


Underlying exception : java.lang.UnsupportedOperationException: Cannot define class using reflection
Caused by: java.lang.UnsupportedOperationException: Cannot define class using reflection
Caused by: java.lang.IllegalStateException: Could not find sun.misc.Unsafe
Caused by: java.lang.NoSuchMethodException: sun.misc.Unsafe.defineClass(java.lang.String, [B, int, int, java.lang.ClassLoader, java.security.ProtectionDomain)

testFindByCategoryName(com.stackroute.questions.QGControllerTest)  Time elapsed: 0 s  <<< ERROR!
java.lang.IllegalStateException: Failed to load ApplicationContext
Caused by: org.mockito.exceptions.base.MockitoException: 

Mockito cannot mock this class: class com.stackroute.questions.kafka.Sender.

Mockito can only mock non-private & non-final classes.
If you're not sure why you're getting this error, please report to the mailing list.


Java               : 11
JVM vendor name    : Oracle Corporation
JVM vendor version : 11.0.1+13-Ubuntu-3ubuntu118.04ppa1
JVM name           : OpenJDK 64-Bit Server VM
JVM version        : 11.0.1+13-Ubuntu-3ubuntu118.04ppa1
JVM info           : mixed mode, sharing
OS name            : Linux
OS version         : 4.15.0-45-generic


Underlying exception : java.lang.UnsupportedOperationException: Cannot define class using reflection
Caused by: java.lang.UnsupportedOperationException: Cannot define class using reflection
Caused by: java.lang.IllegalStateException: Could not find sun.misc.Unsafe
Caused by: java.lang.NoSuchMethodException: sun.misc.Unsafe.defineClass(java.lang.String, [B, int, int, java.lang.ClassLoader, java.security.ProtectionDomain)

