<?xml version="1.0" encoding="UTF-8"?>
<testsuite xmlns:xsi="http://www.w3.org/2001/XMLSchema-instance" xsi:noNamespaceSchemaLocation="https://maven.apache.org/surefire/maven-surefire-plugin/xsd/surefire-test-report.xsd" name="com.stackroute.questions.QGControllerTest" time="9.223" tests="4" errors="4" skipped="0" failures="0">
  <properties>
[...]
</properties>
  <testcase name="testAddCategory" classname="com.stackroute.questions.QGControllerTest" time="0.012">
    <error message="Failed to load ApplicationContext" type="java.lang.IllegalStateException"><![CDATA[java.lang.IllegalStateException: Failed to load ApplicationContext
Caused by: org.mockito.exceptions.base.MockitoException: 

Mockito cannot mock this class: class com.stackroute.questions.kafka.Sender.

Mockito can only mock non-private & non-final classes.
If you're not sure why you're getting this error, please report to the mailing list.


Java               : 11
JVM vendor name    : Oracle Corporation
JVM vendor version : 11.0.1+13-Ubuntu-3ubuntu118.04ppa1
JVM name           : OpenJDK 64-Bit Server VM
JVM version        : 11.0.1+13-Ubuntu-3ubuntu118.04ppa1
JVM info           : mixed mode, sharing
OS name            : Linux
OS version         : 4.15.0-45-generic


Underlying exception : java.lang.UnsupportedOperationException: Cannot define class using reflection
Caused by: java.lang.UnsupportedOperationException: Cannot define class using reflection
Caused by: java.lang.IllegalStateException: Could not find sun.misc.Unsafe
Caused by: java.lang.NoSuchMethodException: sun.misc.Unsafe.defineClass(java.lang.String, [B, int, int, java.lang.ClassLoader, java.security.ProtectionDomain)
]]></error>
    <system-out><![CDATA[16:32:03.663 [main] DEBUG org.springframework.test.context.junit4.SpringJUnit4ClassRunner - SpringJUnit4ClassRunner constructor called with [class com.stackroute.questions.QGControllerTest]
16:32:03.668 [main] DEBUG org.springframework.test.context.BootstrapUtils - Instantiating CacheAwareContextLoaderDelegate from class [org.springframework.test.context.cache.DefaultCacheAwareContextLoaderDelegate]
16:32:03.778 [main] DEBUG org.springframework.test.context.BootstrapUtils - Instantiating BootstrapContext using constructor [public org.springframework.test.context.support.DefaultBootstrapContext(java.lang.Class,org.springframework.test.context.CacheAwareContextLoaderDelegate)]
16:32:03.892 [main] DEBUG org.springframework.test.context.BootstrapUtils - Instantiating TestContextBootstrapper for test class [com.stackroute.questions.QGControllerTest] from class [org.springframework.boot.test.autoconfigure.web.servlet.WebMvcTestContextBootstrapper]
16:32:04.013 [main] INFO org.springframework.boot.test.autoconfigure.web.servlet.WebMvcTestContextBootstrapper - Neither @ContextConfiguration nor @ContextHierarchy found for test class [com.stackroute.questions.QGControllerTest], using SpringBootContextLoader
16:32:04.019 [main] DEBUG org.springframework.test.context.support.AbstractContextLoader - Did not detect default resource location for test class [com.stackroute.questions.QGControllerTest]: class path resource [com/stackroute/questions/QGControllerTest-context.xml] does not exist
16:32:04.020 [main] DEBUG org.springframework.test.context.support.AbstractContextLoader - Did not detect default resource location for test class [com.stackroute.questions.QGControllerTest]: class path resource [com/stackroute/questions/QGControllerTestContext.groovy] does not exist
16:32:04.020 [main] INFO org.springframework.test.context.support.AbstractContextLoader - Could not detect default resource locations for test class [com.stackroute.questions.QGControllerTest]: no resource found for suffixes {-context.xml, Context.groovy}.
16:32:04.021 [main] INFO org.springframework.test.context.support.AnnotationConfigContextLoaderUtils - Could not detect default configuration classes for test class [com.stackroute.questions.QGControllerTest]: QGControllerTest does not declare any static, non-private, non-final, nested classes annotated with @Configuration.
16:32:04.290 [main] DEBUG org.springframework.test.context.support.ActiveProfilesUtils - Could not find an 'annotation declaring class' for annotation type [org.springframework.test.context.ActiveProfiles] and class [com.stackroute.questions.QGControllerTest]
16:32:04.318 [main] DEBUG org.springframework.core.env.StandardEnvironment - Adding PropertySource 'systemProperties' with lowest search precedence
16:32:04.318 [main] DEBUG org.springframework.core.env.StandardEnvironment - Adding PropertySource 'systemEnvironment' with lowest search precedence
16:32:04.319 [main] DEBUG org.springframework.core.env.StandardEnvironment - Initialized StandardEnvironment with PropertySources [MapPropertySource@865667596 {name='systemProperties', properties={sun.desktop=gnome, awt.toolkit=sun.awt.X11.XToolkit, java.specification.version=11, sun.cpu.isalist=, sun.jnu.encoding=UTF-8, java.class.path=/home/rutuja/Desktop/questionGenerator/target/test-classes:/home/rutuja/Desktop/questionGenerator/target/classes:/home/rutuja/.m2/repository/org/springframework/boot/spring-boot-starter-web/2.0.1.RELEASE/spring-boot-starter-web-2.0.1.RELEASE.jar:/home/rutuja/.m2/repository/org/springframework/boot/spring-boot-starter/2.0.1.RELEASE/spring-boot-starter-2.0.1.RELEASE.jar:/home/rutuja/.m2/repository/org/springframework/boot/spring-boot-starter-logging/2.0.1.RELEASE/spring-boot-starter-logging-2.0.1.RELEASE.jar:/home/rutuja/.m2/repository/ch/qos/logback/logback-classic/1.2.3/logback-classic-1.2.3.jar:/home/rutuja/.m2/repository/ch/qos/logback/logback-core/1.2.3/logback-core-1.2.3.jar:/home/rutuja/.m2/repository/org/apache/logging/log4j/log4j-to-slf4j/2.10.0/log4j-to-slf4j-2.10.0.jar:/home/rutuja/.m2/repository/org/apache/logging/log4j/log4j-api/2.10.0/log4j-api-2.10.0.jar:/home/rutuja/.m2/repository/org/slf4j/jul-to-slf4j/1.7.25/jul-to-slf4j-1.7.25.jar:/home/rutuja/.m2/repository/javax/annotation/javax.annotation-api/1.3.2/javax.annotation-api-1.3.2.jar:/home/rutuja/.m2/repository/org/yaml/snakeyaml/1.19/snakeyaml-1.19.jar:/home/rutuja/.m2/repository/org/springframework/boot/spring-boot-starter-json/2.0.1.RELEASE/spring-boot-starter-json-2.0.1.RELEASE.jar:/home/rutuja/.m2/repository/com/fasterxml/jackson/datatype/jackson-datatype-jdk8/2.9.5/jackson-datatype-jdk8-2.9.5.jar:/home/rutuja/.m2/repository/com/fasterxml/jackson/datatype/jackson-datatype-jsr310/2.9.5/jackson-datatype-jsr310-2.9.5.jar:/home/rutuja/.m2/repository/com/fasterxml/jackson/module/jackson-module-parameter-names/2.9.5/jackson-module-parameter-names-2.9.5.jar:/home/rutuja/.m2/repository/org/springframework/boot/spring-boot-starter-tomcat/2.0.1.RELEASE/spring-boot-starter-tomcat-2.0.1.RELEASE.jar:/home/rutuja/.m2/repository/org/apache/tomcat/embed/tomcat-embed-core/8.5.29/tomcat-embed-core-8.5.29.jar:/home/rutuja/.m2/repository/org/apache/tomcat/embed/tomcat-embed-el/8.5.29/tomcat-embed-el-8.5.29.jar:/home/rutuja/.m2/repository/org/apache/tomcat/embed/tomcat-embed-websocket/8.5.29/tomcat-embed-websocket-8.5.29.jar:/home/rutuja/.m2/repository/org/hibernate/validator/hibernate-validator/6.0.9.Final/hibernate-validator-6.0.9.Final.jar:/home/rutuja/.m2/repository/javax/validation/validation-api/2.0.1.Final/validation-api-2.0.1.Final.jar:/home/rutuja/.m2/repository/org/jboss/logging/jboss-logging/3.3.2.Final/jboss-logging-3.3.2.Final.jar:/home/rutuja/.m2/repository/com/fasterxml/classmate/1.3.4/classmate-1.3.4.jar:/home/rutuja/.m2/repository/org/springframework/spring-web/5.0.5.RELEASE/spring-web-5.0.5.RELEASE.jar:/home/rutuja/.m2/repository/org/springframework/spring-beans/5.0.5.RELEASE/spring-beans-5.0.5.RELEASE.jar:/home/rutuja/.m2/repository/org/springframework/spring-webmvc/5.0.5.RELEASE/spring-webmvc-5.0.5.RELEASE.jar:/home/rutuja/.m2/repository/org/springframework/spring-aop/5.0.5.RELEASE/spring-aop-5.0.5.RELEASE.jar:/home/rutuja/.m2/repository/org/springframework/spring-expression/5.0.5.RELEASE/spring-expression-5.0.5.RELEASE.jar:/home/rutuja/.m2/repository/org/springframework/boot/spring-boot-starter-test/2.0.1.RELEASE/spring-boot-starter-test-2.0.1.RELEASE.jar:/home/rutuja/.m2/repository/org/springframework/boot/spring-boot-test/2.0.1.RELEASE/spring-boot-test-2.0.1.RELEASE.jar:/home/rutuja/.m2/repository/org/springframework/boot/spring-boot-test-autoconfigure/2.0.1.RELEASE/spring-boot-test-autoconfigure-2.0.1.RELEASE.jar:/home/rutuja/.m2/repository/com/jayway/jsonpath/json-path/2.4.0/json-path-2.4.0.jar:/home/rutuja/.m2/repository/net/minidev/json-smart/2.3/json-smart-2.3.jar:/home/rutuja/.m2/repository/net/minidev/accessors-smart/1.2/accessors-smart-1.2.jar:/home/rutuja/.m2/repository/org/ow2/asm/asm/5.0.4/asm-5.0.4.jar:/home/rutuja/.m2/repository/junit/junit/4.12/junit-4.12.jar:/home/rutuja/.m2/repository/org/assertj/assertj-core/3.9.1/assertj-core-3.9.1.jar:/home/rutuja/.m2/repository/org/mockito/mockito-core/2.15.0/mockito-core-2.15.0.jar:/home/rutuja/.m2/repository/net/bytebuddy/byte-buddy/1.7.11/byte-buddy-1.7.11.jar:/home/rutuja/.m2/repository/net/bytebuddy/byte-buddy-agent/1.7.11/byte-buddy-agent-1.7.11.jar:/home/rutuja/.m2/repository/org/objenesis/objenesis/2.6/objenesis-2.6.jar:/home/rutuja/.m2/repository/org/hamcrest/hamcrest-core/1.3/hamcrest-core-1.3.jar:/home/rutuja/.m2/repository/org/hamcrest/hamcrest-library/1.3/hamcrest-library-1.3.jar:/home/rutuja/.m2/repository/org/skyscreamer/jsonassert/1.5.0/jsonassert-1.5.0.jar:/home/rutuja/.m2/repository/com/vaadin/external/google/android-json/0.0.20131108.vaadin1/android-json-0.0.20131108.vaadin1.jar:/home/rutuja/.m2/repository/org/springframework/spring-core/5.0.5.RELEASE/spring-core-5.0.5.RELEASE.jar:/home/rutuja/.m2/repository/org/springframework/spring-jcl/5.0.5.RELEASE/spring-jcl-5.0.5.RELEASE.jar:/home/rutuja/.m2/repository/org/springframework/spring-test/5.0.5.RELEASE/spring-test-5.0.5.RELEASE.jar:/home/rutuja/.m2/repository/org/xmlunit/xmlunit-core/2.5.1/xmlunit-core-2.5.1.jar:/home/rutuja/.m2/repository/org/springframework/boot/spring-boot-devtools/2.0.1.RELEASE/spring-boot-devtools-2.0.1.RELEASE.jar:/home/rutuja/.m2/repository/org/springframework/boot/spring-boot/2.0.1.RELEASE/spring-boot-2.0.1.RELEASE.jar:/home/rutuja/.m2/repository/org/springframework/boot/spring-boot-autoconfigure/2.0.1.RELEASE/spring-boot-autoconfigure-2.0.1.RELEASE.jar:/home/rutuja/.m2/repository/org/springframework/boot/spring-boot-starter-data-mongodb/2.0.1.RELEASE/spring-boot-starter-data-mongodb-2.0.1.RELEASE.jar:/home/rutuja/.m2/repository/org/mongodb/mongodb-driver/3.6.3/mongodb-driver-3.6.3.jar:/home/rutuja/.m2/repository/org/mongodb/bson/3.6.3/bson-3.6.3.jar:/home/rutuja/.m2/repository/org/mongodb/mongodb-driver-core/3.6.3/mongodb-driver-core-3.6.3.jar:/home/rutuja/.m2/repository/org/springframework/data/spring-data-mongodb/2.0.6.RELEASE/spring-data-mongodb-2.0.6.RELEASE.jar:/home/rutuja/.m2/repository/org/springframework/data/spring-data-commons/2.0.6.RELEASE/spring-data-commons-2.0.6.RELEASE.jar:/home/rutuja/.m2/repository/org/springframework/kafka/spring-kafka/2.1.5.RELEASE/spring-kafka-2.1.5.RELEASE.jar:/home/rutuja/.m2/repository/org/springframework/spring-context/5.0.5.RELEASE/spring-context-5.0.5.RELEASE.jar:/home/rutuja/.m2/repository/org/springframework/spring-messaging/5.0.5.RELEASE/spring-messaging-5.0.5.RELEASE.jar:/home/rutuja/.m2/repository/org/springframework/spring-tx/5.0.5.RELEASE/spring-tx-5.0.5.RELEASE.jar:/home/rutuja/.m2/repository/org/springframework/retry/spring-retry/1.2.2.RELEASE/spring-retry-1.2.2.RELEASE.jar:/home/rutuja/.m2/repository/org/apache/kafka/kafka-clients/1.0.1/kafka-clients-1.0.1.jar:/home/rutuja/.m2/repository/org/lz4/lz4-java/1.4/lz4-java-1.4.jar:/home/rutuja/.m2/repository/org/xerial/snappy/snappy-java/1.1.4/snappy-java-1.1.4.jar:/home/rutuja/.m2/repository/org/springframework/kafka/spring-kafka-test/2.1.5.RELEASE/spring-kafka-test-2.1.5.RELEASE.jar:/home/rutuja/.m2/repository/org/apache/kafka/kafka-clients/1.0.1/kafka-clients-1.0.1-test.jar:/home/rutuja/.m2/repository/org/apache/kafka/kafka_2.11/1.0.1/kafka_2.11-1.0.1.jar:/home/rutuja/.m2/repository/net/sf/jopt-simple/jopt-simple/5.0.4/jopt-simple-5.0.4.jar:/home/rutuja/.m2/repository/com/yammer/metrics/metrics-core/2.2.0/metrics-core-2.2.0.jar:/home/rutuja/.m2/repository/org/scala-lang/scala-library/2.11.12/scala-library-2.11.12.jar:/home/rutuja/.m2/repository/com/101tec/zkclient/0.10/zkclient-0.10.jar:/home/rutuja/.m2/repository/org/apache/zookeeper/zookeeper/3.4.10/zookeeper-3.4.10.jar:/home/rutuja/.m2/repository/org/apache/kafka/kafka_2.11/1.0.1/kafka_2.11-1.0.1-test.jar:/home/rutuja/.m2/repository/org/springframework/cloud/spring-cloud-starter-config/2.0.4.BUILD-SNAPSHOT/spring-cloud-starter-config-2.0.4.BUILD-SNAPSHOT.jar:/home/rutuja/.m2/repository/org/springframework/cloud/spring-cloud-starter/2.0.4.BUILD-SNAPSHOT/spring-cloud-starter-2.0.4.BUILD-SNAPSHOT.jar:/home/rutuja/.m2/repository/org/springframework/cloud/spring-cloud-context/2.0.4.BUILD-SNAPSHOT/spring-cloud-context-2.0.4.BUILD-SNAPSHOT.jar:/home/rutuja/.m2/repository/org/springframework/security/spring-security-crypto/5.0.4.RELEASE/spring-security-crypto-5.0.4.RELEASE.jar:/home/rutuja/.m2/repository/org/springframework/cloud/spring-cloud-commons/2.0.4.BUILD-SNAPSHOT/spring-cloud-commons-2.0.4.BUILD-SNAPSHOT.jar:/home/rutuja/.m2/repository/org/springframework/security/spring-security-rsa/1.0.7.RELEASE/spring-security-rsa-1.0.7.RELEASE.jar:/home/rutuja/.m2/repository/org/bouncycastle/bcpkix-jdk15on/1.60/bcpkix-jdk15on-1.60.jar:/home/rutuja/.m2/repository/org/bouncycastle/bcprov-jdk15on/1.60/bcprov-jdk15on-1.60.jar:/home/rutuja/.m2/repository/org/springframework/cloud/spring-cloud-config-client/2.0.4.BUILD-SNAPSHOT/spring-cloud-config-client-2.0.4.BUILD-SNAPSHOT.jar:/home/rutuja/.m2/repository/com/fasterxml/jackson/core/jackson-databind/2.9.5/jackson-databind-2.9.5.jar:/home/rutuja/.m2/repository/org/springframework/cloud/spring-cloud-starter-netflix-eureka-client/2.0.4.BUILD-SNAPSHOT/spring-cloud-starter-netflix-eureka-client-2.0.4.BUILD-SNAPSHOT.jar:/home/rutuja/.m2/repository/org/springframework/cloud/spring-cloud-netflix-core/2.0.4.BUILD-SNAPSHOT/spring-cloud-netflix-core-2.0.4.BUILD-SNAPSHOT.jar:/home/rutuja/.m2/repository/org/springframework/boot/spring-boot-starter-aop/2.0.1.RELEASE/spring-boot-starter-aop-2.0.1.RELEASE.jar:/home/rutuja/.m2/repository/org/aspectj/aspectjweaver/1.8.13/aspectjweaver-1.8.13.jar:/home/rutuja/.m2/repository/org/springframework/cloud/spring-cloud-netflix-eureka-client/2.0.4.BUILD-SNAPSHOT/spring-cloud-netflix-eureka-client-2.0.4.BUILD-SNAPSHOT.jar:/home/rutuja/.m2/repository/com/netflix/eureka/eureka-client/1.9.3/eureka-client-1.9.3.jar:/home/rutuja/.m2/repository/org/codehaus/jettison/jettison/1.3.7/jettison-1.3.7.jar:/home/rutuja/.m2/repository/com/netflix/netflix-commons/netflix-eventbus/0.3.0/netflix-eventbus-0.3.0.jar:/home/rutuja/.m2/repository/com/netflix/netflix-commons/netflix-infix/0.3.0/netflix-infix-0.3.0.jar:/home/rutuja/.m2/repository/commons-jxpath/commons-jxpath/1.3/commons-jxpath-1.3.jar:/home/rutuja/.m2/repository/org/antlr/antlr-runtime/3.4/antlr-runtime-3.4.jar:/home/rutuja/.m2/repository/org/antlr/stringtemplate/3.2.1/stringtemplate-3.2.1.jar:/home/rutuja/.m2/repository/antlr/antlr/2.7.7/antlr-2.7.7.jar:/home/rutuja/.m2/repository/com/google/code/gson/gson/2.8.2/gson-2.8.2.jar:/home/rutuja/.m2/repository/org/apache/commons/commons-math/2.2/commons-math-2.2.jar:/home/rutuja/.m2/repository/com/netflix/archaius/archaius-core/0.7.6/archaius-core-0.7.6.jar:/home/rutuja/.m2/repository/javax/ws/rs/jsr311-api/1.1.1/jsr311-api-1.1.1.jar:/home/rutuja/.m2/repository/com/netflix/servo/servo-core/0.12.21/servo-core-0.12.21.jar:/home/rutuja/.m2/repository/com/sun/jersey/jersey-core/1.19.1/jersey-core-1.19.1.jar:/home/rutuja/.m2/repository/com/sun/jersey/jersey-client/1.19.1/jersey-client-1.19.1.jar:/home/rutuja/.m2/repository/com/sun/jersey/contribs/jersey-apache-client4/1.19.1/jersey-apache-client4-1.19.1.jar:/home/rutuja/.m2/repository/com/google/inject/guice/4.1.0/guice-4.1.0.jar:/home/rutuja/.m2/repository/javax/inject/javax.inject/1/javax.inject-1.jar:/home/rutuja/.m2/repository/aopalliance/aopalliance/1.0/aopalliance-1.0.jar:/home/rutuja/.m2/repository/com/github/vlsi/compactmap/compactmap/1.2.1/compactmap-1.2.1.jar:/home/rutuja/.m2/repository/com/github/andrewoma/dexx/dexx-collections/0.2/dexx-collections-0.2.jar:/home/rutuja/.m2/repository/com/netflix/eureka/eureka-core/1.9.3/eureka-core-1.9.3.jar:/home/rutuja/.m2/repository/org/codehaus/woodstox/woodstox-core-asl/4.4.1/woodstox-core-asl-4.4.1.jar:/home/rutuja/.m2/repository/javax/xml/stream/stax-api/1.0-2/stax-api-1.0-2.jar:/home/rutuja/.m2/repository/org/codehaus/woodstox/stax2-api/3.1.4/stax2-api-3.1.4.jar:/home/rutuja/.m2/repository/org/springframework/cloud/spring-cloud-starter-netflix-archaius/2.0.4.BUILD-SNAPSHOT/spring-cloud-starter-netflix-archaius-2.0.4.BUILD-SNAPSHOT.jar:/home/rutuja/.m2/repository/org/springframework/cloud/spring-cloud-netflix-ribbon/2.0.4.BUILD-SNAPSHOT/spring-cloud-netflix-ribbon-2.0.4.BUILD-SNAPSHOT.jar:/home/rutuja/.m2/repository/org/springframework/cloud/spring-cloud-netflix-archaius/2.0.4.BUILD-SNAPSHOT/spring-cloud-netflix-archaius-2.0.4.BUILD-SNAPSHOT.jar:/home/rutuja/.m2/repository/commons-configuration/commons-configuration/1.8/commons-configuration-1.8.jar:/home/rutuja/.m2/repository/commons-lang/commons-lang/2.6/commons-lang-2.6.jar:/home/rutuja/.m2/repository/org/springframework/cloud/spring-cloud-starter-netflix-ribbon/2.0.4.BUILD-SNAPSHOT/spring-cloud-starter-netflix-ribbon-2.0.4.BUILD-SNAPSHOT.jar:/home/rutuja/.m2/repository/com/netflix/ribbon/ribbon/2.2.5/ribbon-2.2.5.jar:/home/rutuja/.m2/repository/com/netflix/ribbon/ribbon-transport/2.2.5/ribbon-transport-2.2.5.jar:/home/rutuja/.m2/repository/io/reactivex/rxnetty-contexts/0.4.9/rxnetty-contexts-0.4.9.jar:/home/rutuja/.m2/repository/io/reactivex/rxnetty-servo/0.4.9/rxnetty-servo-0.4.9.jar:/home/rutuja/.m2/repository/com/netflix/hystrix/hystrix-core/1.5.18/hystrix-core-1.5.18.jar:/home/rutuja/.m2/repository/io/reactivex/rxnetty/0.4.9/rxnetty-0.4.9.jar:/home/rutuja/.m2/repository/com/netflix/ribbon/ribbon-core/2.2.5/ribbon-core-2.2.5.jar:/home/rutuja/.m2/repository/com/netflix/ribbon/ribbon-httpclient/2.2.5/ribbon-httpclient-2.2.5.jar:/home/rutuja/.m2/repository/commons-collections/commons-collections/3.2.2/commons-collections-3.2.2.jar:/home/rutuja/.m2/repository/com/netflix/netflix-commons/netflix-commons-util/0.3.0/netflix-commons-util-0.3.0.jar:/home/rutuja/.m2/repository/com/netflix/ribbon/ribbon-loadbalancer/2.2.5/ribbon-loadbalancer-2.2.5.jar:/home/rutuja/.m2/repository/com/netflix/netflix-commons/netflix-statistics/0.1.1/netflix-statistics-0.1.1.jar:/home/rutuja/.m2/repository/io/reactivex/rxjava/1.3.8/rxjava-1.3.8.jar:/home/rutuja/.m2/repository/com/netflix/ribbon/ribbon-eureka/2.2.5/ribbon-eureka-2.2.5.jar:/home/rutuja/.m2/repository/com/thoughtworks/xstream/xstream/1.4.10/xstream-1.4.10.jar:/home/rutuja/.m2/repository/xmlpull/xmlpull/1.1.3.1/xmlpull-1.1.3.1.jar:/home/rutuja/.m2/repository/xpp3/xpp3_min/1.1.4c/xpp3_min-1.1.4c.jar:/home/rutuja/.m2/repository/org/springframework/boot/spring-boot-starter-actuator/2.0.1.RELEASE/spring-boot-starter-actuator-2.0.1.RELEASE.jar:/home/rutuja/.m2/repository/org/springframework/boot/spring-boot-actuator-autoconfigure/2.0.1.RELEASE/spring-boot-actuator-autoconfigure-2.0.1.RELEASE.jar:/home/rutuja/.m2/repository/org/springframework/boot/spring-boot-actuator/2.0.1.RELEASE/spring-boot-actuator-2.0.1.RELEASE.jar:/home/rutuja/.m2/repository/io/micrometer/micrometer-core/1.0.3/micrometer-core-1.0.3.jar:/home/rutuja/.m2/repository/org/hdrhistogram/HdrHistogram/2.1.10/HdrHistogram-2.1.10.jar:/home/rutuja/.m2/repository/org/latencyutils/LatencyUtils/2.0.3/LatencyUtils-2.0.3.jar:/home/rutuja/.m2/repository/io/micrometer/micrometer-registry-prometheus/1.0.3/micrometer-registry-prometheus-1.0.3.jar:/home/rutuja/.m2/repository/io/prometheus/simpleclient_common/0.3.0/simpleclient_common-0.3.0.jar:/home/rutuja/.m2/repository/io/prometheus/simpleclient/0.3.0/simpleclient-0.3.0.jar:/home/rutuja/.m2/repository/com/hp/hpl/jena/arq/2.8.3/arq-2.8.3.jar:/home/rutuja/.m2/repository/com/hp/hpl/jena/jena/2.6.2/jena-2.6.2.jar:/home/rutuja/.m2/repository/com/ibm/icu/icu4j/3.4.4/icu4j-3.4.4.jar:/home/rutuja/.m2/repository/org/slf4j/slf4j-log4j12/1.7.25/slf4j-log4j12-1.7.25.jar:/home/rutuja/.m2/repository/log4j/log4j/1.2.13/log4j-1.2.13.jar:/home/rutuja/.m2/repository/com/hp/hpl/jena/iri/0.8/iri-0.8.jar:/home/rutuja/.m2/repository/org/codehaus/woodstox/wstx-asl/3.2.9/wstx-asl-3.2.9.jar:/home/rutuja/.m2/repository/stax/stax-api/1.0.1/stax-api-1.0.1.jar:/home/rutuja/.m2/repository/org/apache/lucene/lucene-core/2.3.1/lucene-core-2.3.1.jar:/home/rutuja/.m2/repository/org/slf4j/slf4j-api/1.7.25/slf4j-api-1.7.25.jar:/home/rutuja/.m2/repository/xerces/xercesImpl/2.7.1/xercesImpl-2.7.1.jar:/home/rutuja/.m2/repository/org/apache/jena/jena-arq/3.7.0/jena-arq-3.7.0.jar:/home/rutuja/.m2/repository/org/apache/jena/jena-core/3.7.0/jena-core-3.7.0.jar:/home/rutuja/.m2/repository/org/apache/jena/jena-iri/3.7.0/jena-iri-3.7.0.jar:/home/rutuja/.m2/repository/commons-cli/commons-cli/1.4/commons-cli-1.4.jar:/home/rutuja/.m2/repository/commons-codec/commons-codec/1.11/commons-codec-1.11.jar:/home/rutuja/.m2/repository/org/apache/jena/jena-base/3.7.0/jena-base-3.7.0.jar:/home/rutuja/.m2/repository/org/apache/commons/commons-csv/1.5/commons-csv-1.5.jar:/home/rutuja/.m2/repository/com/github/andrewoma/dexx/collection/0.7/collection-0.7.jar:/home/rutuja/.m2/repository/org/apache/jena/jena-shaded-guava/3.7.0/jena-shaded-guava-3.7.0.jar:/home/rutuja/.m2/repository/org/apache/httpcomponents/httpclient/4.5.5/httpclient-4.5.5.jar:/home/rutuja/.m2/repository/org/apache/httpcomponents/httpcore/4.4.9/httpcore-4.4.9.jar:/home/rutuja/.m2/repository/com/github/jsonld-java/jsonld-java/0.11.1/jsonld-java-0.11.1.jar:/home/rutuja/.m2/repository/commons-io/commons-io/2.5/commons-io-2.5.jar:/home/rutuja/.m2/repository/org/apache/httpcomponents/httpclient-cache/4.5.5/httpclient-cache-4.5.5.jar:/home/rutuja/.m2/repository/org/apache/thrift/libthrift/0.10.0/libthrift-0.10.0.jar:/home/rutuja/.m2/repository/org/slf4j/jcl-over-slf4j/1.7.25/jcl-over-slf4j-1.7.25.jar:/home/rutuja/.m2/repository/org/apache/commons/commons-lang3/3.7/commons-lang3-3.7.jar:/home/rutuja/.m2/repository/org/eclipse/rdf4j/rdf4j-runtime/2.0M2/rdf4j-runtime-2.0M2.jar:/home/rutuja/.m2/repository/org/eclipse/rdf4j/rdf4j-model/2.0M2/rdf4j-model-2.0M2.jar:/home/rutuja/.m2/repository/org/eclipse/rdf4j/rdf4j-util/2.0M2/rdf4j-util-2.0M2.jar:/home/rutuja/.m2/repository/org/eclipse/rdf4j/rdf4j-repository-api/2.0M2/rdf4j-repository-api-2.0M2.jar:/home/rutuja/.m2/repository/org/eclipse/rdf4j/rdf4j-query/2.0M2/rdf4j-query-2.0M2.jar:/home/rutuja/.m2/repository/org/eclipse/rdf4j/rdf4j-repository-manager/2.0M2/rdf4j-repository-manager-2.0M2.jar:/home/rutuja/.m2/repository/org/eclipse/rdf4j/rdf4j-repository-event/2.0M2/rdf4j-repository-event-2.0M2.jar:/home/rutuja/.m2/repository/org/eclipse/rdf4j/rdf4j-repository-http/2.0M2/rdf4j-repository-http-2.0M2.jar:/home/rutuja/.m2/repository/org/eclipse/rdf4j/rdf4j-repository-sparql/2.0M2/rdf4j-repository-sparql-2.0M2.jar:/home/rutuja/.m2/repository/org/eclipse/rdf4j/rdf4j-repository-contextaware/2.0M2/rdf4j-repository-contextaware-2.0M2.jar:/home/rutuja/.m2/repository/org/eclipse/rdf4j/rdf4j-repository-sail/2.0M2/rdf4j-repository-sail-2.0M2.jar:/home/rutuja/.m2/repository/org/eclipse/rdf4j/rdf4j-queryalgebra-model/2.0M2/rdf4j-queryalgebra-model-2.0M2.jar:/home/rutuja/.m2/repository/org/eclipse/rdf4j/rdf4j-queryalgebra-evaluation/2.0M2/rdf4j-queryalgebra-evaluation-2.0M2.jar:/home/rutuja/.m2/repository/org/mapdb/mapdb/1.0.8/mapdb-1.0.8.jar:/home/rutuja/.m2/repository/org/eclipse/rdf4j/rdf4j-http-client/2.0M2/rdf4j-http-client-2.0M2.jar:/home/rutuja/.m2/repository/org/eclipse/rdf4j/rdf4j-sail-api/2.0M2/rdf4j-sail-api-2.0M2.jar:/home/rutuja/.m2/repository/org/eclipse/rdf4j/rdf4j-sail-federation/2.0M2/rdf4j-sail-federation-2.0M2.jar:/home/rutuja/.m2/repository/org/eclipse/rdf4j/rdf4j-queryparser-api/2.0M2/rdf4j-queryparser-api-2.0M2.jar:/home/rutuja/.m2/repository/org/eclipse/rdf4j/rdf4j-queryparser-serql/2.0M2/rdf4j-queryparser-serql-2.0M2.jar:/home/rutuja/.m2/repository/org/eclipse/rdf4j/rdf4j-queryparser-sparql/2.0M2/rdf4j-queryparser-sparql-2.0M2.jar:/home/rutuja/.m2/repository/org/eclipse/rdf4j/rdf4j-queryresultio-api/2.0M2/rdf4j-queryresultio-api-2.0M2.jar:/home/rutuja/.m2/repository/org/eclipse/rdf4j/rdf4j-queryresultio-binary/2.0M2/rdf4j-queryresultio-binary-2.0M2.jar:/home/rutuja/.m2/repository/org/eclipse/rdf4j/rdf4j-queryresultio-sparqljson/2.0M2/rdf4j-queryresultio-sparqljson-2.0M2.jar:/home/rutuja/.m2/repository/org/eclipse/rdf4j/rdf4j-queryresultio-sparqlxml/2.0M2/rdf4j-queryresultio-sparqlxml-2.0M2.jar:/home/rutuja/.m2/repository/org/eclipse/rdf4j/rdf4j-queryresultio-text/2.0M2/rdf4j-queryresultio-text-2.0M2.jar:/home/rutuja/.m2/repository/com/opencsv/opencsv/3.2/opencsv-3.2.jar:/home/rutuja/.m2/repository/org/eclipse/rdf4j/rdf4j-repository-dataset/2.0M2/rdf4j-repository-dataset-2.0M2.jar:/home/rutuja/.m2/repository/org/eclipse/rdf4j/rdf4j-http-protocol/2.0M2/rdf4j-http-protocol-2.0M2.jar:/home/rutuja/.m2/repository/org/eclipse/rdf4j/rdf4j-rio-api/2.0M2/rdf4j-rio-api-2.0M2.jar:/home/rutuja/.m2/repository/org/eclipse/rdf4j/rdf4j-rio-datatypes/2.0M2/rdf4j-rio-datatypes-2.0M2.jar:/home/rutuja/.m2/repository/org/eclipse/rdf4j/rdf4j-rio-languages/2.0M2/rdf4j-rio-languages-2.0M2.jar:/home/rutuja/.m2/repository/org/eclipse/rdf4j/rdf4j-rio-binary/2.0M2/rdf4j-rio-binary-2.0M2.jar:/home/rutuja/.m2/repository/org/eclipse/rdf4j/rdf4j-rio-jsonld/2.0M2/rdf4j-rio-jsonld-2.0M2.jar:/home/rutuja/.m2/repository/org/eclipse/rdf4j/rdf4j-rio-ntriples/2.0M2/rdf4j-rio-ntriples-2.0M2.jar:/home/rutuja/.m2/repository/org/eclipse/rdf4j/rdf4j-rio-nquads/2.0M2/rdf4j-rio-nquads-2.0M2.jar:/home/rutuja/.m2/repository/org/eclipse/rdf4j/rdf4j-rio-n3/2.0M2/rdf4j-rio-n3-2.0M2.jar:/home/rutuja/.m2/repository/org/eclipse/rdf4j/rdf4j-rio-rdfjson/2.0M2/rdf4j-rio-rdfjson-2.0M2.jar:/home/rutuja/.m2/repository/org/eclipse/rdf4j/rdf4j-rio-rdfxml/2.0M2/rdf4j-rio-rdfxml-2.0M2.jar:/home/rutuja/.m2/repository/org/eclipse/rdf4j/rdf4j-rio-trix/2.0M2/rdf4j-rio-trix-2.0M2.jar:/home/rutuja/.m2/repository/org/eclipse/rdf4j/rdf4j-rio-turtle/2.0M2/rdf4j-rio-turtle-2.0M2.jar:/home/rutuja/.m2/repository/org/eclipse/rdf4j/rdf4j-rio-trig/2.0M2/rdf4j-rio-trig-2.0M2.jar:/home/rutuja/.m2/repository/org/eclipse/rdf4j/rdf4j-sail-inferencer/2.0M2/rdf4j-sail-inferencer-2.0M2.jar:/home/rutuja/.m2/repository/org/eclipse/rdf4j/rdf4j-sail-model/2.0M2/rdf4j-sail-model-2.0M2.jar:/home/rutuja/.m2/repository/org/eclipse/rdf4j/rdf4j-sail-lucene/2.0M2/rdf4j-sail-lucene-2.0M2.jar:/home/rutuja/.m2/repository/org/eclipse/rdf4j/rdf4j-sail-lucene-api/2.0M2/rdf4j-sail-lucene-api-2.0M2.jar:/home/rutuja/.m2/repository/com/spatial4j/spatial4j/0.4.1/spatial4j-0.4.1.jar:/home/rutuja/.m2/repository/org/apache/lucene/lucene-queries/5.2.1/lucene-queries-5.2.1.jar:/home/rutuja/.m2/repository/org/apache/lucene/lucene-highlighter/5.2.1/lucene-highlighter-5.2.1.jar:/home/rutuja/.m2/repository/org/apache/lucene/lucene-join/5.2.1/lucene-join-5.2.1.jar:/home/rutuja/.m2/repository/org/apache/lucene/lucene-memory/5.2.1/lucene-memory-5.2.1.jar:/home/rutuja/.m2/repository/org/apache/lucene/lucene-analyzers-common/5.2.1/lucene-analyzers-common-5.2.1.jar:/home/rutuja/.m2/repository/org/apache/lucene/lucene-queryparser/5.2.1/lucene-queryparser-5.2.1.jar:/home/rutuja/.m2/repository/org/apache/lucene/lucene-sandbox/5.2.1/lucene-sandbox-5.2.1.jar:/home/rutuja/.m2/repository/org/apache/lucene/lucene-spatial/5.2.1/lucene-spatial-5.2.1.jar:/home/rutuja/.m2/repository/org/apache/lucene/lucene-misc/5.2.1/lucene-misc-5.2.1.jar:/home/rutuja/.m2/repository/org/codehaus/mojo/animal-sniffer-annotations/1.14/animal-sniffer-annotations-1.14.jar:/home/rutuja/.m2/repository/org/eclipse/rdf4j/rdf4j-sail-memory/2.0M2/rdf4j-sail-memory-2.0M2.jar:/home/rutuja/.m2/repository/org/eclipse/rdf4j/rdf4j-sail-base/2.0M2/rdf4j-sail-base-2.0M2.jar:/home/rutuja/.m2/repository/org/eclipse/rdf4j/rdf4j-sail-spin/2.0M2/rdf4j-sail-spin-2.0M2.jar:/home/rutuja/.m2/repository/org/eclipse/rdf4j/rdf4j-spin/2.0M2/rdf4j-spin-2.0M2.jar:/home/rutuja/.m2/repository/org/eclipse/rdf4j/rdf4j-queryrender/2.0M2/rdf4j-queryrender-2.0M2.jar:/home/rutuja/.m2/repository/org/eclipse/rdf4j/rdf4j-sail-nativerdf/2.0M2/rdf4j-sail-nativerdf-2.0M2.jar:/home/rutuja/.m2/repository/com/google/endpoints/endpoints-framework/2.0.14/endpoints-framework-2.0.14.jar:/home/rutuja/.m2/repository/com/google/guava/guava/20.0/guava-20.0.jar:/home/rutuja/.m2/repository/com/fasterxml/jackson/core/jackson-annotations/2.9.0/jackson-annotations-2.9.0.jar:/home/rutuja/.m2/repository/com/fasterxml/jackson/core/jackson-core/2.9.5/jackson-core-2.9.5.jar:/home/rutuja/.m2/repository/com/google/appengine/appengine-api-1.0-sdk/1.9.63/appengine-api-1.0-sdk-1.9.63.jar:/home/rutuja/.m2/repository/com/google/http-client/google-http-client-jackson2/1.23.0/google-http-client-jackson2-1.23.0.jar:/home/rutuja/.m2/repository/com/google/http-client/google-http-client/1.23.0/google-http-client-1.23.0.jar:/home/rutuja/.m2/repository/com/google/api-client/google-api-client/1.23.0/google-api-client-1.23.0.jar:/home/rutuja/.m2/repository/com/google/oauth-client/google-oauth-client/1.23.0/google-oauth-client-1.23.0.jar:/home/rutuja/.m2/repository/com/google/api-client/google-api-client-appengine/1.23.0/google-api-client-appengine-1.23.0.jar:/home/rutuja/.m2/repository/com/google/oauth-client/google-oauth-client-appengine/1.23.0/google-oauth-client-appengine-1.23.0.jar:/home/rutuja/.m2/repository/com/google/oauth-client/google-oauth-client-servlet/1.23.0/google-oauth-client-servlet-1.23.0.jar:/home/rutuja/.m2/repository/com/google/http-client/google-http-client-jdo/1.23.0/google-http-client-jdo-1.23.0.jar:/home/rutuja/.m2/repository/com/google/api-client/google-api-client-servlet/1.23.0/google-api-client-servlet-1.23.0.jar:/home/rutuja/.m2/repository/javax/servlet/servlet-api/2.5/servlet-api-2.5.jar:/home/rutuja/.m2/repository/javax/jdo/jdo2-api/2.3-eb/jdo2-api-2.3-eb.jar:/home/rutuja/.m2/repository/javax/transaction/transaction-api/1.1/transaction-api-1.1.jar:/home/rutuja/.m2/repository/com/google/http-client/google-http-client-appengine/1.23.0/google-http-client-appengine-1.23.0.jar:/home/rutuja/.m2/repository/com/google/code/findbugs/jsr305/3.0.1/jsr305-3.0.1.jar:/home/rutuja/.m2/repository/io/swagger/swagger-models/1.5.9/swagger-models-1.5.9.jar:/home/rutuja/.m2/repository/io/swagger/swagger-annotations/1.5.9/swagger-annotations-1.5.9.jar:/home/rutuja/.m2/repository/io/swagger/swagger-core/1.5.9/swagger-core-1.5.9.jar:/home/rutuja/.m2/repository/com/fasterxml/jackson/datatype/jackson-datatype-joda/2.9.5/jackson-datatype-joda-2.9.5.jar:/home/rutuja/.m2/repository/joda-time/joda-time/2.9.9/joda-time-2.9.9.jar:/home/rutuja/.m2/repository/com/fasterxml/jackson/dataformat/jackson-dataformat-yaml/2.9.5/jackson-dataformat-yaml-2.9.5.jar:/home/rutuja/.m2/repository/org/slf4j/slf4j-nop/1.7.25/slf4j-nop-1.7.25.jar:, java.vm.vendor=Oracle Corporation, sun.arch.data.model=64, java.vendor.url=http://java.oracle.com/, user.timezone=Asia/Kolkata, os.name=Linux, java.vm.specification.version=11, sun.java.launcher=SUN_STANDARD, user.country=IN, sun.boot.library.path=/usr/lib/jvm/java-11-openjdk-amd64/lib, sun.java.command=/home/rutuja/Desktop/questionGenerator/target/surefire/surefirebooter1576927667147519810.jar /home/rutuja/Desktop/questionGenerator/target/surefire 2019-03-09T16-32-02_700-jvmRun1 surefire12713186295076854237tmp surefire_012125843564706474651tmp, jdk.debug=release, surefire.test.class.path=/home/rutuja/Desktop/questionGenerator/target/test-classes:/home/rutuja/Desktop/questionGenerator/target/classes:/home/rutuja/.m2/repository/org/springframework/boot/spring-boot-starter-web/2.0.1.RELEASE/spring-boot-starter-web-2.0.1.RELEASE.jar:/home/rutuja/.m2/repository/org/springframework/boot/spring-boot-starter/2.0.1.RELEASE/spring-boot-starter-2.0.1.RELEASE.jar:/home/rutuja/.m2/repository/org/springframework/boot/spring-boot-starter-logging/2.0.1.RELEASE/spring-boot-starter-logging-2.0.1.RELEASE.jar:/home/rutuja/.m2/repository/ch/qos/logback/logback-classic/1.2.3/logback-classic-1.2.3.jar:/home/rutuja/.m2/repository/ch/qos/logback/logback-core/1.2.3/logback-core-1.2.3.jar:/home/rutuja/.m2/repository/org/apache/logging/log4j/log4j-to-slf4j/2.10.0/log4j-to-slf4j-2.10.0.jar:/home/rutuja/.m2/repository/org/apache/logging/log4j/log4j-api/2.10.0/log4j-api-2.10.0.jar:/home/rutuja/.m2/repository/org/slf4j/jul-to-slf4j/1.7.25/jul-to-slf4j-1.7.25.jar:/home/rutuja/.m2/repository/javax/annotation/javax.annotation-api/1.3.2/javax.annotation-api-1.3.2.jar:/home/rutuja/.m2/repository/org/yaml/snakeyaml/1.19/snakeyaml-1.19.jar:/home/rutuja/.m2/repository/org/springframework/boot/spring-boot-starter-json/2.0.1.RELEASE/spring-boot-starter-json-2.0.1.RELEASE.jar:/home/rutuja/.m2/repository/com/fasterxml/jackson/datatype/jackson-datatype-jdk8/2.9.5/jackson-datatype-jdk8-2.9.5.jar:/home/rutuja/.m2/repository/com/fasterxml/jackson/datatype/jackson-datatype-jsr310/2.9.5/jackson-datatype-jsr310-2.9.5.jar:/home/rutuja/.m2/repository/com/fasterxml/jackson/module/jackson-module-parameter-names/2.9.5/jackson-module-parameter-names-2.9.5.jar:/home/rutuja/.m2/repository/org/springframework/boot/spring-boot-starter-tomcat/2.0.1.RELEASE/spring-boot-starter-tomcat-2.0.1.RELEASE.jar:/home/rutuja/.m2/repository/org/apache/tomcat/embed/tomcat-embed-core/8.5.29/tomcat-embed-core-8.5.29.jar:/home/rutuja/.m2/repository/org/apache/tomcat/embed/tomcat-embed-el/8.5.29/tomcat-embed-el-8.5.29.jar:/home/rutuja/.m2/repository/org/apache/tomcat/embed/tomcat-embed-websocket/8.5.29/tomcat-embed-websocket-8.5.29.jar:/home/rutuja/.m2/repository/org/hibernate/validator/hibernate-validator/6.0.9.Final/hibernate-validator-6.0.9.Final.jar:/home/rutuja/.m2/repository/javax/validation/validation-api/2.0.1.Final/validation-api-2.0.1.Final.jar:/home/rutuja/.m2/repository/org/jboss/logging/jboss-logging/3.3.2.Final/jboss-logging-3.3.2.Final.jar:/home/rutuja/.m2/repository/com/fasterxml/classmate/1.3.4/classmate-1.3.4.jar:/home/rutuja/.m2/repository/org/springframework/spring-web/5.0.5.RELEASE/spring-web-5.0.5.RELEASE.jar:/home/rutuja/.m2/repository/org/springframework/spring-beans/5.0.5.RELEASE/spring-beans-5.0.5.RELEASE.jar:/home/rutuja/.m2/repository/org/springframework/spring-webmvc/5.0.5.RELEASE/spring-webmvc-5.0.5.RELEASE.jar:/home/rutuja/.m2/repository/org/springframework/spring-aop/5.0.5.RELEASE/spring-aop-5.0.5.RELEASE.jar:/home/rutuja/.m2/repository/org/springframework/spring-expression/5.0.5.RELEASE/spring-expression-5.0.5.RELEASE.jar:/home/rutuja/.m2/repository/org/springframework/boot/spring-boot-starter-test/2.0.1.RELEASE/spring-boot-starter-test-2.0.1.RELEASE.jar:/home/rutuja/.m2/repository/org/springframework/boot/spring-boot-test/2.0.1.RELEASE/spring-boot-test-2.0.1.RELEASE.jar:/home/rutuja/.m2/repository/org/springframework/boot/spring-boot-test-autoconfigure/2.0.1.RELEASE/spring-boot-test-autoconfigure-2.0.1.RELEASE.jar:/home/rutuja/.m2/repository/com/jayway/jsonpath/json-path/2.4.0/json-path-2.4.0.jar:/home/rutuja/.m2/repository/net/minidev/json-smart/2.3/json-smart-2.3.jar:/home/rutuja/.m2/repository/net/minidev/accessors-smart/1.2/accessors-smart-1.2.jar:/home/rutuja/.m2/repository/org/ow2/asm/asm/5.0.4/asm-5.0.4.jar:/home/rutuja/.m2/repository/junit/junit/4.12/junit-4.12.jar:/home/rutuja/.m2/repository/org/assertj/assertj-core/3.9.1/assertj-core-3.9.1.jar:/home/rutuja/.m2/repository/org/mockito/mockito-core/2.15.0/mockito-core-2.15.0.jar:/home/rutuja/.m2/repository/net/bytebuddy/byte-buddy/1.7.11/byte-buddy-1.7.11.jar:/home/rutuja/.m2/repository/net/bytebuddy/byte-buddy-agent/1.7.11/byte-buddy-agent-1.7.11.jar:/home/rutuja/.m2/repository/org/objenesis/objenesis/2.6/objenesis-2.6.jar:/home/rutuja/.m2/repository/org/hamcrest/hamcrest-core/1.3/hamcrest-core-1.3.jar:/home/rutuja/.m2/repository/org/hamcrest/hamcrest-library/1.3/hamcrest-library-1.3.jar:/home/rutuja/.m2/repository/org/skyscreamer/jsonassert/1.5.0/jsonassert-1.5.0.jar:/home/rutuja/.m2/repository/com/vaadin/external/google/android-json/0.0.20131108.vaadin1/android-json-0.0.20131108.vaadin1.jar:/home/rutuja/.m2/repository/org/springframework/spring-core/5.0.5.RELEASE/spring-core-5.0.5.RELEASE.jar:/home/rutuja/.m2/repository/org/springframework/spring-jcl/5.0.5.RELEASE/spring-jcl-5.0.5.RELEASE.jar:/home/rutuja/.m2/repository/org/springframework/spring-test/5.0.5.RELEASE/spring-test-5.0.5.RELEASE.jar:/home/rutuja/.m2/repository/org/xmlunit/xmlunit-core/2.5.1/xmlunit-core-2.5.1.jar:/home/rutuja/.m2/repository/org/springframework/boot/spring-boot-devtools/2.0.1.RELEASE/spring-boot-devtools-2.0.1.RELEASE.jar:/home/rutuja/.m2/repository/org/springframework/boot/spring-boot/2.0.1.RELEASE/spring-boot-2.0.1.RELEASE.jar:/home/rutuja/.m2/repository/org/springframework/boot/spring-boot-autoconfigure/2.0.1.RELEASE/spring-boot-autoconfigure-2.0.1.RELEASE.jar:/home/rutuja/.m2/repository/org/springframework/boot/spring-boot-starter-data-mongodb/2.0.1.RELEASE/spring-boot-starter-data-mongodb-2.0.1.RELEASE.jar:/home/rutuja/.m2/repository/org/mongodb/mongodb-driver/3.6.3/mongodb-driver-3.6.3.jar:/home/rutuja/.m2/repository/org/mongodb/bson/3.6.3/bson-3.6.3.jar:/home/rutuja/.m2/repository/org/mongodb/mongodb-driver-core/3.6.3/mongodb-driver-core-3.6.3.jar:/home/rutuja/.m2/repository/org/springframework/data/spring-data-mongodb/2.0.6.RELEASE/spring-data-mongodb-2.0.6.RELEASE.jar:/home/rutuja/.m2/repository/org/springframework/data/spring-data-commons/2.0.6.RELEASE/spring-data-commons-2.0.6.RELEASE.jar:/home/rutuja/.m2/repository/org/springframework/kafka/spring-kafka/2.1.5.RELEASE/spring-kafka-2.1.5.RELEASE.jar:/home/rutuja/.m2/repository/org/springframework/spring-context/5.0.5.RELEASE/spring-context-5.0.5.RELEASE.jar:/home/rutuja/.m2/repository/org/springframework/spring-messaging/5.0.5.RELEASE/spring-messaging-5.0.5.RELEASE.jar:/home/rutuja/.m2/repository/org/springframework/spring-tx/5.0.5.RELEASE/spring-tx-5.0.5.RELEASE.jar:/home/rutuja/.m2/repository/org/springframework/retry/spring-retry/1.2.2.RELEASE/spring-retry-1.2.2.RELEASE.jar:/home/rutuja/.m2/repository/org/apache/kafka/kafka-clients/1.0.1/kafka-clients-1.0.1.jar:/home/rutuja/.m2/repository/org/lz4/lz4-java/1.4/lz4-java-1.4.jar:/home/rutuja/.m2/repository/org/xerial/snappy/snappy-java/1.1.4/snappy-java-1.1.4.jar:/home/rutuja/.m2/repository/org/springframework/kafka/spring-kafka-test/2.1.5.RELEASE/spring-kafka-test-2.1.5.RELEASE.jar:/home/rutuja/.m2/repository/org/apache/kafka/kafka-clients/1.0.1/kafka-clients-1.0.1-test.jar:/home/rutuja/.m2/repository/org/apache/kafka/kafka_2.11/1.0.1/kafka_2.11-1.0.1.jar:/home/rutuja/.m2/repository/net/sf/jopt-simple/jopt-simple/5.0.4/jopt-simple-5.0.4.jar:/home/rutuja/.m2/repository/com/yammer/metrics/metrics-core/2.2.0/metrics-core-2.2.0.jar:/home/rutuja/.m2/repository/org/scala-lang/scala-library/2.11.12/scala-library-2.11.12.jar:/home/rutuja/.m2/repository/com/101tec/zkclient/0.10/zkclient-0.10.jar:/home/rutuja/.m2/repository/org/apache/zookeeper/zookeeper/3.4.10/zookeeper-3.4.10.jar:/home/rutuja/.m2/repository/org/apache/kafka/kafka_2.11/1.0.1/kafka_2.11-1.0.1-test.jar:/home/rutuja/.m2/repository/org/springframework/cloud/spring-cloud-starter-config/2.0.4.BUILD-SNAPSHOT/spring-cloud-starter-config-2.0.4.BUILD-SNAPSHOT.jar:/home/rutuja/.m2/repository/org/springframework/cloud/spring-cloud-starter/2.0.4.BUILD-SNAPSHOT/spring-cloud-starter-2.0.4.BUILD-SNAPSHOT.jar:/home/rutuja/.m2/repository/org/springframework/cloud/spring-cloud-context/2.0.4.BUILD-SNAPSHOT/spring-cloud-context-2.0.4.BUILD-SNAPSHOT.jar:/home/rutuja/.m2/repository/org/springframework/security/spring-security-crypto/5.0.4.RELEASE/spring-security-crypto-5.0.4.RELEASE.jar:/home/rutuja/.m2/repository/org/springframework/cloud/spring-cloud-commons/2.0.4.BUILD-SNAPSHOT/spring-cloud-commons-2.0.4.BUILD-SNAPSHOT.jar:/home/rutuja/.m2/repository/org/springframework/security/spring-security-rsa/1.0.7.RELEASE/spring-security-rsa-1.0.7.RELEASE.jar:/home/rutuja/.m2/repository/org/bouncycastle/bcpkix-jdk15on/1.60/bcpkix-jdk15on-1.60.jar:/home/rutuja/.m2/repository/org/bouncycastle/bcprov-jdk15on/1.60/bcprov-jdk15on-1.60.jar:/home/rutuja/.m2/repository/org/springframework/cloud/spring-cloud-config-client/2.0.4.BUILD-SNAPSHOT/spring-cloud-config-client-2.0.4.BUILD-SNAPSHOT.jar:/home/rutuja/.m2/repository/com/fasterxml/jackson/core/jackson-databind/2.9.5/jackson-databind-2.9.5.jar:/home/rutuja/.m2/repository/org/springframework/cloud/spring-cloud-starter-netflix-eureka-client/2.0.4.BUILD-SNAPSHOT/spring-cloud-starter-netflix-eureka-client-2.0.4.BUILD-SNAPSHOT.jar:/home/rutuja/.m2/repository/org/springframework/cloud/spring-cloud-netflix-core/2.0.4.BUILD-SNAPSHOT/spring-cloud-netflix-core-2.0.4.BUILD-SNAPSHOT.jar:/home/rutuja/.m2/repository/org/springframework/boot/spring-boot-starter-aop/2.0.1.RELEASE/spring-boot-starter-aop-2.0.1.RELEASE.jar:/home/rutuja/.m2/repository/org/aspectj/aspectjweaver/1.8.13/aspectjweaver-1.8.13.jar:/home/rutuja/.m2/repository/org/springframework/cloud/spring-cloud-netflix-eureka-client/2.0.4.BUILD-SNAPSHOT/spring-cloud-netflix-eureka-client-2.0.4.BUILD-SNAPSHOT.jar:/home/rutuja/.m2/repository/com/netflix/eureka/eureka-client/1.9.3/eureka-client-1.9.3.jar:/home/rutuja/.m2/repository/org/codehaus/jettison/jettison/1.3.7/jettison-1.3.7.jar:/home/rutuja/.m2/repository/com/netflix/netflix-commons/netflix-eventbus/0.3.0/netflix-eventbus-0.3.0.jar:/home/rutuja/.m2/repository/com/netflix/netflix-commons/netflix-infix/0.3.0/netflix-infix-0.3.0.jar:/home/rutuja/.m2/repository/commons-jxpath/commons-jxpath/1.3/commons-jxpath-1.3.jar:/home/rutuja/.m2/repository/org/antlr/antlr-runtime/3.4/antlr-runtime-3.4.jar:/home/rutuja/.m2/repository/org/antlr/stringtemplate/3.2.1/stringtemplate-3.2.1.jar:/home/rutuja/.m2/repository/antlr/antlr/2.7.7/antlr-2.7.7.jar:/home/rutuja/.m2/repository/com/google/code/gson/gson/2.8.2/gson-2.8.2.jar:/home/rutuja/.m2/repository/org/apache/commons/commons-math/2.2/commons-math-2.2.jar:/home/rutuja/.m2/repository/com/netflix/archaius/archaius-core/0.7.6/archaius-core-0.7.6.jar:/home/rutuja/.m2/repository/javax/ws/rs/jsr311-api/1.1.1/jsr311-api-1.1.1.jar:/home/rutuja/.m2/repository/com/netflix/servo/servo-core/0.12.21/servo-core-0.12.21.jar:/home/rutuja/.m2/repository/com/sun/jersey/jersey-core/1.19.1/jersey-core-1.19.1.jar:/home/rutuja/.m2/repository/com/sun/jersey/jersey-client/1.19.1/jersey-client-1.19.1.jar:/home/rutuja/.m2/repository/com/sun/jersey/contribs/jersey-apache-client4/1.19.1/jersey-apache-client4-1.19.1.jar:/home/rutuja/.m2/repository/com/google/inject/guice/4.1.0/guice-4.1.0.jar:/home/rutuja/.m2/repository/javax/inject/javax.inject/1/javax.inject-1.jar:/home/rutuja/.m2/repository/aopalliance/aopalliance/1.0/aopalliance-1.0.jar:/home/rutuja/.m2/repository/com/github/vlsi/compactmap/compactmap/1.2.1/compactmap-1.2.1.jar:/home/rutuja/.m2/repository/com/github/andrewoma/dexx/dexx-collections/0.2/dexx-collections-0.2.jar:/home/rutuja/.m2/repository/com/netflix/eureka/eureka-core/1.9.3/eureka-core-1.9.3.jar:/home/rutuja/.m2/repository/org/codehaus/woodstox/woodstox-core-asl/4.4.1/woodstox-core-asl-4.4.1.jar:/home/rutuja/.m2/repository/javax/xml/stream/stax-api/1.0-2/stax-api-1.0-2.jar:/home/rutuja/.m2/repository/org/codehaus/woodstox/stax2-api/3.1.4/stax2-api-3.1.4.jar:/home/rutuja/.m2/repository/org/springframework/cloud/spring-cloud-starter-netflix-archaius/2.0.4.BUILD-SNAPSHOT/spring-cloud-starter-netflix-archaius-2.0.4.BUILD-SNAPSHOT.jar:/home/rutuja/.m2/repository/org/springframework/cloud/spring-cloud-netflix-ribbon/2.0.4.BUILD-SNAPSHOT/spring-cloud-netflix-ribbon-2.0.4.BUILD-SNAPSHOT.jar:/home/rutuja/.m2/repository/org/springframework/cloud/spring-cloud-netflix-archaius/2.0.4.BUILD-SNAPSHOT/spring-cloud-netflix-archaius-2.0.4.BUILD-SNAPSHOT.jar:/home/rutuja/.m2/repository/commons-configuration/commons-configuration/1.8/commons-configuration-1.8.jar:/home/rutuja/.m2/repository/commons-lang/commons-lang/2.6/commons-lang-2.6.jar:/home/rutuja/.m2/repository/org/springframework/cloud/spring-cloud-starter-netflix-ribbon/2.0.4.BUILD-SNAPSHOT/spring-cloud-starter-netflix-ribbon-2.0.4.BUILD-SNAPSHOT.jar:/home/rutuja/.m2/repository/com/netflix/ribbon/ribbon/2.2.5/ribbon-2.2.5.jar:/home/rutuja/.m2/repository/com/netflix/ribbon/ribbon-transport/2.2.5/ribbon-transport-2.2.5.jar:/home/rutuja/.m2/repository/io/reactivex/rxnetty-contexts/0.4.9/rxnetty-contexts-0.4.9.jar:/home/rutuja/.m2/repository/io/reactivex/rxnetty-servo/0.4.9/rxnetty-servo-0.4.9.jar:/home/rutuja/.m2/repository/com/netflix/hystrix/hystrix-core/1.5.18/hystrix-core-1.5.18.jar:/home/rutuja/.m2/repository/io/reactivex/rxnetty/0.4.9/rxnetty-0.4.9.jar:/home/rutuja/.m2/repository/com/netflix/ribbon/ribbon-core/2.2.5/ribbon-core-2.2.5.jar:/home/rutuja/.m2/repository/com/netflix/ribbon/ribbon-httpclient/2.2.5/ribbon-httpclient-2.2.5.jar:/home/rutuja/.m2/repository/commons-collections/commons-collections/3.2.2/commons-collections-3.2.2.jar:/home/rutuja/.m2/repository/com/netflix/netflix-commons/netflix-commons-util/0.3.0/netflix-commons-util-0.3.0.jar:/home/rutuja/.m2/repository/com/netflix/ribbon/ribbon-loadbalancer/2.2.5/ribbon-loadbalancer-2.2.5.jar:/home/rutuja/.m2/repository/com/netflix/netflix-commons/netflix-statistics/0.1.1/netflix-statistics-0.1.1.jar:/home/rutuja/.m2/repository/io/reactivex/rxjava/1.3.8/rxjava-1.3.8.jar:/home/rutuja/.m2/repository/com/netflix/ribbon/ribbon-eureka/2.2.5/ribbon-eureka-2.2.5.jar:/home/rutuja/.m2/repository/com/thoughtworks/xstream/xstream/1.4.10/xstream-1.4.10.jar:/home/rutuja/.m2/repository/xmlpull/xmlpull/1.1.3.1/xmlpull-1.1.3.1.jar:/home/rutuja/.m2/repository/xpp3/xpp3_min/1.1.4c/xpp3_min-1.1.4c.jar:/home/rutuja/.m2/repository/org/springframework/boot/spring-boot-starter-actuator/2.0.1.RELEASE/spring-boot-starter-actuator-2.0.1.RELEASE.jar:/home/rutuja/.m2/repository/org/springframework/boot/spring-boot-actuator-autoconfigure/2.0.1.RELEASE/spring-boot-actuator-autoconfigure-2.0.1.RELEASE.jar:/home/rutuja/.m2/repository/org/springframework/boot/spring-boot-actuator/2.0.1.RELEASE/spring-boot-actuator-2.0.1.RELEASE.jar:/home/rutuja/.m2/repository/io/micrometer/micrometer-core/1.0.3/micrometer-core-1.0.3.jar:/home/rutuja/.m2/repository/org/hdrhistogram/HdrHistogram/2.1.10/HdrHistogram-2.1.10.jar:/home/rutuja/.m2/repository/org/latencyutils/LatencyUtils/2.0.3/LatencyUtils-2.0.3.jar:/home/rutuja/.m2/repository/io/micrometer/micrometer-registry-prometheus/1.0.3/micrometer-registry-prometheus-1.0.3.jar:/home/rutuja/.m2/repository/io/prometheus/simpleclient_common/0.3.0/simpleclient_common-0.3.0.jar:/home/rutuja/.m2/repository/io/prometheus/simpleclient/0.3.0/simpleclient-0.3.0.jar:/home/rutuja/.m2/repository/com/hp/hpl/jena/arq/2.8.3/arq-2.8.3.jar:/home/rutuja/.m2/repository/com/hp/hpl/jena/jena/2.6.2/jena-2.6.2.jar:/home/rutuja/.m2/repository/com/ibm/icu/icu4j/3.4.4/icu4j-3.4.4.jar:/home/rutuja/.m2/repository/org/slf4j/slf4j-log4j12/1.7.25/slf4j-log4j12-1.7.25.jar:/home/rutuja/.m2/repository/log4j/log4j/1.2.13/log4j-1.2.13.jar:/home/rutuja/.m2/repository/com/hp/hpl/jena/iri/0.8/iri-0.8.jar:/home/rutuja/.m2/repository/org/codehaus/woodstox/wstx-asl/3.2.9/wstx-asl-3.2.9.jar:/home/rutuja/.m2/repository/stax/stax-api/1.0.1/stax-api-1.0.1.jar:/home/rutuja/.m2/repository/org/apache/lucene/lucene-core/2.3.1/lucene-core-2.3.1.jar:/home/rutuja/.m2/repository/org/slf4j/slf4j-api/1.7.25/slf4j-api-1.7.25.jar:/home/rutuja/.m2/repository/xerces/xercesImpl/2.7.1/xercesImpl-2.7.1.jar:/home/rutuja/.m2/repository/org/apache/jena/jena-arq/3.7.0/jena-arq-3.7.0.jar:/home/rutuja/.m2/repository/org/apache/jena/jena-core/3.7.0/jena-core-3.7.0.jar:/home/rutuja/.m2/repository/org/apache/jena/jena-iri/3.7.0/jena-iri-3.7.0.jar:/home/rutuja/.m2/repository/commons-cli/commons-cli/1.4/commons-cli-1.4.jar:/home/rutuja/.m2/repository/commons-codec/commons-codec/1.11/commons-codec-1.11.jar:/home/rutuja/.m2/repository/org/apache/jena/jena-base/3.7.0/jena-base-3.7.0.jar:/home/rutuja/.m2/repository/org/apache/commons/commons-csv/1.5/commons-csv-1.5.jar:/home/rutuja/.m2/repository/com/github/andrewoma/dexx/collection/0.7/collection-0.7.jar:/home/rutuja/.m2/repository/org/apache/jena/jena-shaded-guava/3.7.0/jena-shaded-guava-3.7.0.jar:/home/rutuja/.m2/repository/org/apache/httpcomponents/httpclient/4.5.5/httpclient-4.5.5.jar:/home/rutuja/.m2/repository/org/apache/httpcomponents/httpcore/4.4.9/httpcore-4.4.9.jar:/home/rutuja/.m2/repository/com/github/jsonld-java/jsonld-java/0.11.1/jsonld-java-0.11.1.jar:/home/rutuja/.m2/repository/commons-io/commons-io/2.5/commons-io-2.5.jar:/home/rutuja/.m2/repository/org/apache/httpcomponents/httpclient-cache/4.5.5/httpclient-cache-4.5.5.jar:/home/rutuja/.m2/repository/org/apache/thrift/libthrift/0.10.0/libthrift-0.10.0.jar:/home/rutuja/.m2/repository/org/slf4j/jcl-over-slf4j/1.7.25/jcl-over-slf4j-1.7.25.jar:/home/rutuja/.m2/repository/org/apache/commons/commons-lang3/3.7/commons-lang3-3.7.jar:/home/rutuja/.m2/repository/org/eclipse/rdf4j/rdf4j-runtime/2.0M2/rdf4j-runtime-2.0M2.jar:/home/rutuja/.m2/repository/org/eclipse/rdf4j/rdf4j-model/2.0M2/rdf4j-model-2.0M2.jar:/home/rutuja/.m2/repository/org/eclipse/rdf4j/rdf4j-util/2.0M2/rdf4j-util-2.0M2.jar:/home/rutuja/.m2/repository/org/eclipse/rdf4j/rdf4j-repository-api/2.0M2/rdf4j-repository-api-2.0M2.jar:/home/rutuja/.m2/repository/org/eclipse/rdf4j/rdf4j-query/2.0M2/rdf4j-query-2.0M2.jar:/home/rutuja/.m2/repository/org/eclipse/rdf4j/rdf4j-repository-manager/2.0M2/rdf4j-repository-manager-2.0M2.jar:/home/rutuja/.m2/repository/org/eclipse/rdf4j/rdf4j-repository-event/2.0M2/rdf4j-repository-event-2.0M2.jar:/home/rutuja/.m2/repository/org/eclipse/rdf4j/rdf4j-repository-http/2.0M2/rdf4j-repository-http-2.0M2.jar:/home/rutuja/.m2/repository/org/eclipse/rdf4j/rdf4j-repository-sparql/2.0M2/rdf4j-repository-sparql-2.0M2.jar:/home/rutuja/.m2/repository/org/eclipse/rdf4j/rdf4j-repository-contextaware/2.0M2/rdf4j-repository-contextaware-2.0M2.jar:/home/rutuja/.m2/repository/org/eclipse/rdf4j/rdf4j-repository-sail/2.0M2/rdf4j-repository-sail-2.0M2.jar:/home/rutuja/.m2/repository/org/eclipse/rdf4j/rdf4j-queryalgebra-model/2.0M2/rdf4j-queryalgebra-model-2.0M2.jar:/home/rutuja/.m2/repository/org/eclipse/rdf4j/rdf4j-queryalgebra-evaluation/2.0M2/rdf4j-queryalgebra-evaluation-2.0M2.jar:/home/rutuja/.m2/repository/org/mapdb/mapdb/1.0.8/mapdb-1.0.8.jar:/home/rutuja/.m2/repository/org/eclipse/rdf4j/rdf4j-http-client/2.0M2/rdf4j-http-client-2.0M2.jar:/home/rutuja/.m2/repository/org/eclipse/rdf4j/rdf4j-sail-api/2.0M2/rdf4j-sail-api-2.0M2.jar:/home/rutuja/.m2/repository/org/eclipse/rdf4j/rdf4j-sail-federation/2.0M2/rdf4j-sail-federation-2.0M2.jar:/home/rutuja/.m2/repository/org/eclipse/rdf4j/rdf4j-queryparser-api/2.0M2/rdf4j-queryparser-api-2.0M2.jar:/home/rutuja/.m2/repository/org/eclipse/rdf4j/rdf4j-queryparser-serql/2.0M2/rdf4j-queryparser-serql-2.0M2.jar:/home/rutuja/.m2/repository/org/eclipse/rdf4j/rdf4j-queryparser-sparql/2.0M2/rdf4j-queryparser-sparql-2.0M2.jar:/home/rutuja/.m2/repository/org/eclipse/rdf4j/rdf4j-queryresultio-api/2.0M2/rdf4j-queryresultio-api-2.0M2.jar:/home/rutuja/.m2/repository/org/eclipse/rdf4j/rdf4j-queryresultio-binary/2.0M2/rdf4j-queryresultio-binary-2.0M2.jar:/home/rutuja/.m2/repository/org/eclipse/rdf4j/rdf4j-queryresultio-sparqljson/2.0M2/rdf4j-queryresultio-sparqljson-2.0M2.jar:/home/rutuja/.m2/repository/org/eclipse/rdf4j/rdf4j-queryresultio-sparqlxml/2.0M2/rdf4j-queryresultio-sparqlxml-2.0M2.jar:/home/rutuja/.m2/repository/org/eclipse/rdf4j/rdf4j-queryresultio-text/2.0M2/rdf4j-queryresultio-text-2.0M2.jar:/home/rutuja/.m2/repository/com/opencsv/opencsv/3.2/opencsv-3.2.jar:/home/rutuja/.m2/repository/org/eclipse/rdf4j/rdf4j-repository-dataset/2.0M2/rdf4j-repository-dataset-2.0M2.jar:/home/rutuja/.m2/repository/org/eclipse/rdf4j/rdf4j-http-protocol/2.0M2/rdf4j-http-protocol-2.0M2.jar:/home/rutuja/.m2/repository/org/eclipse/rdf4j/rdf4j-rio-api/2.0M2/rdf4j-rio-api-2.0M2.jar:/home/rutuja/.m2/repository/org/eclipse/rdf4j/rdf4j-rio-datatypes/2.0M2/rdf4j-rio-datatypes-2.0M2.jar:/home/rutuja/.m2/repository/org/eclipse/rdf4j/rdf4j-rio-languages/2.0M2/rdf4j-rio-languages-2.0M2.jar:/home/rutuja/.m2/repository/org/eclipse/rdf4j/rdf4j-rio-binary/2.0M2/rdf4j-rio-binary-2.0M2.jar:/home/rutuja/.m2/repository/org/eclipse/rdf4j/rdf4j-rio-jsonld/2.0M2/rdf4j-rio-jsonld-2.0M2.jar:/home/rutuja/.m2/repository/org/eclipse/rdf4j/rdf4j-rio-ntriples/2.0M2/rdf4j-rio-ntriples-2.0M2.jar:/home/rutuja/.m2/repository/org/eclipse/rdf4j/rdf4j-rio-nquads/2.0M2/rdf4j-rio-nquads-2.0M2.jar:/home/rutuja/.m2/repository/org/eclipse/rdf4j/rdf4j-rio-n3/2.0M2/rdf4j-rio-n3-2.0M2.jar:/home/rutuja/.m2/repository/org/eclipse/rdf4j/rdf4j-rio-rdfjson/2.0M2/rdf4j-rio-rdfjson-2.0M2.jar:/home/rutuja/.m2/repository/org/eclipse/rdf4j/rdf4j-rio-rdfxml/2.0M2/rdf4j-rio-rdfxml-2.0M2.jar:/home/rutuja/.m2/repository/org/eclipse/rdf4j/rdf4j-rio-trix/2.0M2/rdf4j-rio-trix-2.0M2.jar:/home/rutuja/.m2/repository/org/eclipse/rdf4j/rdf4j-rio-turtle/2.0M2/rdf4j-rio-turtle-2.0M2.jar:/home/rutuja/.m2/repository/org/eclipse/rdf4j/rdf4j-rio-trig/2.0M2/rdf4j-rio-trig-2.0M2.jar:/home/rutuja/.m2/repository/org/eclipse/rdf4j/rdf4j-sail-inferencer/2.0M2/rdf4j-sail-inferencer-2.0M2.jar:/home/rutuja/.m2/repository/org/eclipse/rdf4j/rdf4j-sail-model/2.0M2/rdf4j-sail-model-2.0M2.jar:/home/rutuja/.m2/repository/org/eclipse/rdf4j/rdf4j-sail-lucene/2.0M2/rdf4j-sail-lucene-2.0M2.jar:/home/rutuja/.m2/repository/org/eclipse/rdf4j/rdf4j-sail-lucene-api/2.0M2/rdf4j-sail-lucene-api-2.0M2.jar:/home/rutuja/.m2/repository/com/spatial4j/spatial4j/0.4.1/spatial4j-0.4.1.jar:/home/rutuja/.m2/repository/org/apache/lucene/lucene-queries/5.2.1/lucene-queries-5.2.1.jar:/home/rutuja/.m2/repository/org/apache/lucene/lucene-highlighter/5.2.1/lucene-highlighter-5.2.1.jar:/home/rutuja/.m2/repository/org/apache/lucene/lucene-join/5.2.1/lucene-join-5.2.1.jar:/home/rutuja/.m2/repository/org/apache/lucene/lucene-memory/5.2.1/lucene-memory-5.2.1.jar:/home/rutuja/.m2/repository/org/apache/lucene/lucene-analyzers-common/5.2.1/lucene-analyzers-common-5.2.1.jar:/home/rutuja/.m2/repository/org/apache/lucene/lucene-queryparser/5.2.1/lucene-queryparser-5.2.1.jar:/home/rutuja/.m2/repository/org/apache/lucene/lucene-sandbox/5.2.1/lucene-sandbox-5.2.1.jar:/home/rutuja/.m2/repository/org/apache/lucene/lucene-spatial/5.2.1/lucene-spatial-5.2.1.jar:/home/rutuja/.m2/repository/org/apache/lucene/lucene-misc/5.2.1/lucene-misc-5.2.1.jar:/home/rutuja/.m2/repository/org/codehaus/mojo/animal-sniffer-annotations/1.14/animal-sniffer-annotations-1.14.jar:/home/rutuja/.m2/repository/org/eclipse/rdf4j/rdf4j-sail-memory/2.0M2/rdf4j-sail-memory-2.0M2.jar:/home/rutuja/.m2/repository/org/eclipse/rdf4j/rdf4j-sail-base/2.0M2/rdf4j-sail-base-2.0M2.jar:/home/rutuja/.m2/repository/org/eclipse/rdf4j/rdf4j-sail-spin/2.0M2/rdf4j-sail-spin-2.0M2.jar:/home/rutuja/.m2/repository/org/eclipse/rdf4j/rdf4j-spin/2.0M2/rdf4j-spin-2.0M2.jar:/home/rutuja/.m2/repository/org/eclipse/rdf4j/rdf4j-queryrender/2.0M2/rdf4j-queryrender-2.0M2.jar:/home/rutuja/.m2/repository/org/eclipse/rdf4j/rdf4j-sail-nativerdf/2.0M2/rdf4j-sail-nativerdf-2.0M2.jar:/home/rutuja/.m2/repository/com/google/endpoints/endpoints-framework/2.0.14/endpoints-framework-2.0.14.jar:/home/rutuja/.m2/repository/com/google/guava/guava/20.0/guava-20.0.jar:/home/rutuja/.m2/repository/com/fasterxml/jackson/core/jackson-annotations/2.9.0/jackson-annotations-2.9.0.jar:/home/rutuja/.m2/repository/com/fasterxml/jackson/core/jackson-core/2.9.5/jackson-core-2.9.5.jar:/home/rutuja/.m2/repository/com/google/appengine/appengine-api-1.0-sdk/1.9.63/appengine-api-1.0-sdk-1.9.63.jar:/home/rutuja/.m2/repository/com/google/http-client/google-http-client-jackson2/1.23.0/google-http-client-jackson2-1.23.0.jar:/home/rutuja/.m2/repository/com/google/http-client/google-http-client/1.23.0/google-http-client-1.23.0.jar:/home/rutuja/.m2/repository/com/google/api-client/google-api-client/1.23.0/google-api-client-1.23.0.jar:/home/rutuja/.m2/repository/com/google/oauth-client/google-oauth-client/1.23.0/google-oauth-client-1.23.0.jar:/home/rutuja/.m2/repository/com/google/api-client/google-api-client-appengine/1.23.0/google-api-client-appengine-1.23.0.jar:/home/rutuja/.m2/repository/com/google/oauth-client/google-oauth-client-appengine/1.23.0/google-oauth-client-appengine-1.23.0.jar:/home/rutuja/.m2/repository/com/google/oauth-client/google-oauth-client-servlet/1.23.0/google-oauth-client-servlet-1.23.0.jar:/home/rutuja/.m2/repository/com/google/http-client/google-http-client-jdo/1.23.0/google-http-client-jdo-1.23.0.jar:/home/rutuja/.m2/repository/com/google/api-client/google-api-client-servlet/1.23.0/google-api-client-servlet-1.23.0.jar:/home/rutuja/.m2/repository/javax/servlet/servlet-api/2.5/servlet-api-2.5.jar:/home/rutuja/.m2/repository/javax/jdo/jdo2-api/2.3-eb/jdo2-api-2.3-eb.jar:/home/rutuja/.m2/repository/javax/transaction/transaction-api/1.1/transaction-api-1.1.jar:/home/rutuja/.m2/repository/com/google/http-client/google-http-client-appengine/1.23.0/google-http-client-appengine-1.23.0.jar:/home/rutuja/.m2/repository/com/google/code/findbugs/jsr305/3.0.1/jsr305-3.0.1.jar:/home/rutuja/.m2/repository/io/swagger/swagger-models/1.5.9/swagger-models-1.5.9.jar:/home/rutuja/.m2/repository/io/swagger/swagger-annotations/1.5.9/swagger-annotations-1.5.9.jar:/home/rutuja/.m2/repository/io/swagger/swagger-core/1.5.9/swagger-core-1.5.9.jar:/home/rutuja/.m2/repository/com/fasterxml/jackson/datatype/jackson-datatype-joda/2.9.5/jackson-datatype-joda-2.9.5.jar:/home/rutuja/.m2/repository/joda-time/joda-time/2.9.9/joda-time-2.9.9.jar:/home/rutuja/.m2/repository/com/fasterxml/jackson/dataformat/jackson-dataformat-yaml/2.9.5/jackson-dataformat-yaml-2.9.5.jar:/home/rutuja/.m2/repository/org/slf4j/slf4j-nop/1.7.25/slf4j-nop-1.7.25.jar:, sun.cpu.endian=little, user.home=/home/rutuja, user.language=en, java.specification.vendor=Oracle Corporation, java.version.date=2018-10-16, java.home=/usr/lib/jvm/java-11-openjdk-amd64, file.separator=/, basedir=/home/rutuja/Desktop/questionGenerator, java.vm.compressedOopsMode=Zero based, line.separator=
, java.specification.name=Java Platform API Specification, java.vm.specification.vendor=Oracle Corporation, java.awt.graphicsenv=sun.awt.X11GraphicsEnvironment, surefire.real.class.path=/home/rutuja/Desktop/questionGenerator/target/surefire/surefirebooter1576927667147519810.jar, sun.management.compiler=HotSpot 64-Bit Tiered Compilers, java.runtime.version=11.0.1+13-Ubuntu-3ubuntu118.04ppa1, user.name=rutuja, path.separator=:, os.version=4.15.0-45-generic, java.runtime.name=OpenJDK Runtime Environment, file.encoding=UTF-8, java.vm.name=OpenJDK 64-Bit Server VM, localRepository=/home/rutuja/.m2/repository, java.vendor.url.bug=http://bugreport.java.com/bugreport/, java.io.tmpdir=/tmp, idea.version=2018.3.5, java.version=11.0.1, user.dir=/home/rutuja/Desktop/questionGenerator, os.arch=amd64, java.vm.specification.name=Java Virtual Machine Specification, java.awt.printerjob=sun.print.PSPrinterJob, sun.os.patch.level=unknown, java.library.path=/usr/java/packages/lib:/usr/lib/x86_64-linux-gnu/jni:/lib/x86_64-linux-gnu:/usr/lib/x86_64-linux-gnu:/usr/lib/jni:/lib:/usr/lib, java.vendor=Oracle Corporation, java.vm.info=mixed mode, sharing, java.vm.version=11.0.1+13-Ubuntu-3ubuntu118.04ppa1, sun.io.unicode.encoding=UnicodeLittle, java.class.version=55.0}}, SystemEnvironmentPropertySource@1306834002 {name='systemEnvironment', properties={PATH=/home/rutuja/.local/share/umake/bin:/usr/local/sbin:/usr/local/bin:/usr/sbin:/usr/bin:/sbin:/bin:/usr/games:/usr/local/games:/snap/bin, XAUTHORITY=/run/user/1000/gdm/Xauthority, XMODIFIERS=@im=ibus, XDG_DATA_DIRS=/usr/share/ubuntu:/usr/local/share:/usr/share:/var/lib/snapd/desktop, GDMSESSION=ubuntu, MANDATORY_PATH=/usr/share/gconf/ubuntu.mandatory.path, SNAP_COMMON=/var/snap/intellij-idea-community/common, TEXTDOMAINDIR=/usr/share/locale/, GTK_IM_MODULE=ibus, SNAP_INSTANCE_KEY=, SNAP_USER_COMMON=/home/rutuja/snap/intellij-idea-community/common, DBUS_SESSION_BUS_ADDRESS=unix:path=/run/user/1000/bus, DEFAULTS_PATH=/usr/share/gconf/ubuntu.default.path, SNAP_REVISION=126, XDG_CURRENT_DESKTOP=ubuntu:GNOME, SSH_AGENT_PID=2648, QT4_IM_MODULE=xim, SESSION_MANAGER=local/rutuja-stackroute:@/tmp/.ICE-unix/2552,unix/rutuja-stackroute:/tmp/.ICE-unix/2552, USERNAME=rutuja, LOGNAME=rutuja, PWD=/home/rutuja/Desktop/questionGenerator, IM_CONFIG_PHASE=2, SHELL=/bin/bash, GIO_LAUNCHED_DESKTOP_FILE=/var/lib/snapd/desktop/applications/intellij-idea-community_intellij-idea-community.desktop, OLDPWD=/home/rutuja/Desktop/questionGenerator, BAMF_DESKTOP_FILE_HINT=/var/lib/snapd/desktop/applications/intellij-idea-community_intellij-idea-community.desktop, GNOME_DESKTOP_SESSION_ID=this-is-deprecated, GTK_MODULES=gail:atk-bridge, CLUTTER_IM_MODULE=xim, TEXTDOMAIN=im-config, SNAP_ARCH=amd64, XDG_SESSION_DESKTOP=ubuntu, SNAP_LIBRARY_PATH=/var/lib/snapd/lib/gl:/var/lib/snapd/lib/gl32:/var/lib/snapd/void, SHLVL=0, SNAP_NAME=intellij-idea-community, QT_IM_MODULE=ibus, XDG_CONFIG_DIRS=/etc/xdg/xdg-ubuntu:/etc/xdg, LANG=en_IN, SNAP_INSTANCE_NAME=intellij-idea-community, XDG_SESSION_ID=2, XDG_SESSION_TYPE=x11, SNAP_USER_DATA=/home/rutuja/snap/intellij-idea-community/126, DISPLAY=:0, SNAP_REEXEC=, SNAP_VERSION=2018.3.5, SNAP_DATA=/var/snap/intellij-idea-community/126, GPG_AGENT_INFO=/run/user/1000/gnupg/S.gpg-agent:0:1, DESKTOP_SESSION=ubuntu, SNAP=/snap/intellij-idea-community/126, USER=rutuja, XDG_MENU_PREFIX=gnome-, GIO_LAUNCHED_DESKTOP_FILE_PID=9101, QT_ACCESSIBILITY=1, WINDOWPATH=2, SSH_AUTH_SOCK=/run/user/1000/keyring/ssh, XDG_SEAT=seat0, GNOME_SHELL_SESSION_MODE=ubuntu, SNAP_CONTEXT=RDQbg2dFnn0mjVl3YJQx5hY24fHW0M1XryVlMxJ82qdc, XDG_VTNR=2, XDG_RUNTIME_DIR=/run/user/1000/snap.intellij-idea-community, SNAP_COOKIE=RDQbg2dFnn0mjVl3YJQx5hY24fHW0M1XryVlMxJ82qdc, HOME=/home/rutuja}}]
16:32:04.338 [main] DEBUG org.springframework.core.io.support.PathMatchingResourcePatternResolver - Resolved classpath location [com/stackroute/questions/] to resources [URL [file:/home/rutuja/Desktop/questionGenerator/target/test-classes/com/stackroute/questions/], URL [file:/home/rutuja/Desktop/questionGenerator/target/classes/com/stackroute/questions/]]
16:32:04.340 [main] DEBUG org.springframework.core.io.support.PathMatchingResourcePatternResolver - Looking for matching resources in directory tree [/home/rutuja/Desktop/questionGenerator/target/test-classes/com/stackroute/questions]
16:32:04.340 [main] DEBUG org.springframework.core.io.support.PathMatchingResourcePatternResolver - Searching directory [/home/rutuja/Desktop/questionGenerator/target/test-classes/com/stackroute/questions] for files matching pattern [/home/rutuja/Desktop/questionGenerator/target/test-classes/com/stackroute/questions/*.class]
16:32:04.343 [main] DEBUG org.springframework.core.io.support.PathMatchingResourcePatternResolver - Looking for matching resources in directory tree [/home/rutuja/Desktop/questionGenerator/target/classes/com/stackroute/questions]
16:32:04.343 [main] DEBUG org.springframework.core.io.support.PathMatchingResourcePatternResolver - Searching directory [/home/rutuja/Desktop/questionGenerator/target/classes/com/stackroute/questions] for files matching pattern [/home/rutuja/Desktop/questionGenerator/target/classes/com/stackroute/questions/*.class]
16:32:04.344 [main] DEBUG org.springframework.core.io.support.PathMatchingResourcePatternResolver - Resolved location pattern [classpath*:com/stackroute/questions/*.class] to resources [file [/home/rutuja/Desktop/questionGenerator/target/test-classes/com/stackroute/questions/QGCategorySeviceImplTest.class], file [/home/rutuja/Desktop/questionGenerator/target/test-classes/com/stackroute/questions/QGControllerTest.class], file [/home/rutuja/Desktop/questionGenerator/target/classes/com/stackroute/questions/QGApplication.class]]
16:32:04.404 [main] DEBUG org.springframework.context.annotation.ClassPathScanningCandidateComponentProvider - Identified candidate component class: file [/home/rutuja/Desktop/questionGenerator/target/classes/com/stackroute/questions/QGApplication.class]
16:32:04.404 [main] INFO org.springframework.boot.test.context.SpringBootTestContextBootstrapper - Found @SpringBootConfiguration com.stackroute.questions.QGApplication for test class com.stackroute.questions.QGControllerTest
16:32:04.406 [main] DEBUG org.springframework.boot.test.autoconfigure.web.servlet.WebMvcTestContextBootstrapper - @TestExecutionListeners is not present for class [com.stackroute.questions.QGControllerTest]: using defaults.
16:32:04.407 [main] INFO org.springframework.boot.test.autoconfigure.web.servlet.WebMvcTestContextBootstrapper - Loaded default TestExecutionListener class names from location [META-INF/spring.factories]: [org.springframework.boot.test.mock.mockito.MockitoTestExecutionListener, org.springframework.boot.test.mock.mockito.ResetMocksTestExecutionListener, org.springframework.boot.test.autoconfigure.restdocs.RestDocsTestExecutionListener, org.springframework.boot.test.autoconfigure.web.client.MockRestServiceServerResetTestExecutionListener, org.springframework.boot.test.autoconfigure.web.servlet.MockMvcPrintOnlyOnFailureTestExecutionListener, org.springframework.boot.test.autoconfigure.web.servlet.WebDriverTestExecutionListener, org.springframework.test.context.web.ServletTestExecutionListener, org.springframework.test.context.support.DirtiesContextBeforeModesTestExecutionListener, org.springframework.test.context.support.DependencyInjectionTestExecutionListener, org.springframework.test.context.support.DirtiesContextTestExecutionListener, org.springframework.test.context.transaction.TransactionalTestExecutionListener, org.springframework.test.context.jdbc.SqlScriptsTestExecutionListener]
16:32:04.459 [main] INFO org.springframework.boot.test.autoconfigure.web.servlet.WebMvcTestContextBootstrapper - Using TestExecutionListeners: [org.springframework.test.context.web.ServletTestExecutionListener@304bb45b, org.springframework.test.context.support.DirtiesContextBeforeModesTestExecutionListener@723ca036, org.springframework.boot.test.mock.mockito.MockitoTestExecutionListener@25be7b63, org.springframework.boot.test.autoconfigure.SpringBootDependencyInjectionTestExecutionListener@28dcca0c, org.springframework.test.context.support.DirtiesContextTestExecutionListener@45d84a20, org.springframework.test.context.transaction.TransactionalTestExecutionListener@52f27fbd, org.springframework.test.context.jdbc.SqlScriptsTestExecutionListener@4c163e3, org.springframework.boot.test.mock.mockito.ResetMocksTestExecutionListener@4a8355dd, org.springframework.boot.test.autoconfigure.restdocs.RestDocsTestExecutionListener@4d0d9fe7, org.springframework.boot.test.autoconfigure.web.client.MockRestServiceServerResetTestExecutionListener@c430e6c, org.springframework.boot.test.autoconfigure.web.servlet.MockMvcPrintOnlyOnFailureTestExecutionListener@312aa7c, org.springframework.boot.test.autoconfigure.web.servlet.WebDriverTestExecutionListener@536f2a7e]
16:32:04.460 [main] DEBUG org.springframework.test.annotation.ProfileValueUtils - Retrieved @ProfileValueSourceConfiguration [null] for test class [com.stackroute.questions.QGControllerTest]
16:32:04.460 [main] DEBUG org.springframework.test.annotation.ProfileValueUtils - Retrieved ProfileValueSource type [class org.springframework.test.annotation.SystemProfileValueSource] for class [com.stackroute.questions.QGControllerTest]
16:32:04.462 [main] DEBUG org.springframework.test.annotation.ProfileValueUtils - Retrieved @ProfileValueSourceConfiguration [null] for test class [com.stackroute.questions.QGControllerTest]
16:32:04.462 [main] DEBUG org.springframework.test.annotation.ProfileValueUtils - Retrieved ProfileValueSource type [class org.springframework.test.annotation.SystemProfileValueSource] for class [com.stackroute.questions.QGControllerTest]
16:32:04.463 [main] DEBUG org.springframework.test.annotation.ProfileValueUtils - Retrieved @ProfileValueSourceConfiguration [null] for test class [com.stackroute.questions.QGControllerTest]
16:32:04.463 [main] DEBUG org.springframework.test.annotation.ProfileValueUtils - Retrieved ProfileValueSource type [class org.springframework.test.annotation.SystemProfileValueSource] for class [com.stackroute.questions.QGControllerTest]
16:32:04.466 [main] DEBUG org.springframework.test.context.support.AbstractDirtiesContextTestExecutionListener - Before test class: context [DefaultTestContext@26abb146 testClass = QGControllerTest, testInstance = [null], testMethod = [null], testException = [null], mergedContextConfiguration = [WebMergedContextConfiguration@72c8e7b testClass = QGControllerTest, locations = '{}', classes = '{class com.stackroute.questions.QGApplication}', contextInitializerClasses = '[]', activeProfiles = '{}', propertySourceLocations = '{}', propertySourceProperties = '{org.springframework.boot.test.autoconfigure.web.servlet.WebMvcTestContextBootstrapper=true}', contextCustomizers = set[[ImportsContextCustomizer@65f8f5ae key = [org.springframework.boot.autoconfigure.cache.CacheAutoConfiguration, org.springframework.boot.autoconfigure.context.MessageSourceAutoConfiguration, org.springframework.boot.autoconfigure.freemarker.FreeMarkerAutoConfiguration, org.springframework.boot.autoconfigure.groovy.template.GroovyTemplateAutoConfiguration, org.springframework.boot.autoconfigure.gson.GsonAutoConfiguration, org.springframework.boot.autoconfigure.hateoas.HypermediaAutoConfiguration, org.springframework.boot.autoconfigure.http.HttpMessageConvertersAutoConfiguration, org.springframework.boot.autoconfigure.jackson.JacksonAutoConfiguration, org.springframework.boot.autoconfigure.jsonb.JsonbAutoConfiguration, org.springframework.boot.autoconfigure.mustache.MustacheAutoConfiguration, org.springframework.boot.autoconfigure.thymeleaf.ThymeleafAutoConfiguration, org.springframework.boot.autoconfigure.validation.ValidationAutoConfiguration, org.springframework.boot.autoconfigure.web.servlet.error.ErrorMvcAutoConfiguration, org.springframework.boot.autoconfigure.web.servlet.WebMvcAutoConfiguration, org.springframework.boot.test.autoconfigure.web.servlet.MockMvcAutoConfiguration, org.springframework.boot.test.autoconfigure.web.servlet.MockMvcSecurityAutoConfiguration, org.springframework.boot.test.autoconfigure.web.servlet.MockMvcWebClientAutoConfiguration, org.springframework.boot.test.autoconfigure.web.servlet.MockMvcWebDriverAutoConfiguration]], org.springframework.boot.test.context.filter.ExcludeFilterContextCustomizer@2638011, org.springframework.boot.test.json.DuplicateJsonObjectContextCustomizerFactory$DuplicateJsonObjectContextCustomizer@313b2ea6, org.springframework.boot.test.mock.mockito.MockitoContextCustomizer@f67e53d6, org.springframework.boot.test.autoconfigure.OverrideAutoConfigurationContextCustomizerFactory$DisableAutoConfigurationContextCustomizer@3cc1435c, org.springframework.boot.test.autoconfigure.filter.TypeExcludeFiltersContextCustomizer@7f06d67a, org.springframework.boot.test.autoconfigure.properties.PropertyMappingContextCustomizer@a8a14ab3, org.springframework.boot.test.autoconfigure.web.servlet.WebDriverContextCustomizerFactory$Customizer@3d1cfad4], resourceBasePath = '', contextLoader = 'org.springframework.boot.test.context.SpringBootContextLoader', parent = [null]], attributes = map[[empty]]], class annotated with @DirtiesContext [false] with mode [null].
16:32:04.467 [main] DEBUG org.springframework.test.annotation.ProfileValueUtils - Retrieved @ProfileValueSourceConfiguration [null] for test class [com.stackroute.questions.QGControllerTest]
16:32:04.467 [main] DEBUG org.springframework.test.annotation.ProfileValueUtils - Retrieved ProfileValueSource type [class org.springframework.test.annotation.SystemProfileValueSource] for class [com.stackroute.questions.QGControllerTest]
16:32:04.701 [main] DEBUG org.springframework.core.env.StandardEnvironment - Adding PropertySource 'systemProperties' with lowest search precedence
16:32:04.701 [main] DEBUG org.springframework.core.env.StandardEnvironment - Adding PropertySource 'systemEnvironment' with lowest search precedence
16:32:04.703 [main] DEBUG org.springframework.core.env.StandardEnvironment - Initialized StandardEnvironment with PropertySources [MapPropertySource@102174918 {name='systemProperties', properties={sun.desktop=gnome, awt.toolkit=sun.awt.X11.XToolkit, java.specification.version=11, sun.cpu.isalist=, sun.jnu.encoding=UTF-8, java.class.path=/home/rutuja/Desktop/questionGenerator/target/test-classes:/home/rutuja/Desktop/questionGenerator/target/classes:/home/rutuja/.m2/repository/org/springframework/boot/spring-boot-starter-web/2.0.1.RELEASE/spring-boot-starter-web-2.0.1.RELEASE.jar:/home/rutuja/.m2/repository/org/springframework/boot/spring-boot-starter/2.0.1.RELEASE/spring-boot-starter-2.0.1.RELEASE.jar:/home/rutuja/.m2/repository/org/springframework/boot/spring-boot-starter-logging/2.0.1.RELEASE/spring-boot-starter-logging-2.0.1.RELEASE.jar:/home/rutuja/.m2/repository/ch/qos/logback/logback-classic/1.2.3/logback-classic-1.2.3.jar:/home/rutuja/.m2/repository/ch/qos/logback/logback-core/1.2.3/logback-core-1.2.3.jar:/home/rutuja/.m2/repository/org/apache/logging/log4j/log4j-to-slf4j/2.10.0/log4j-to-slf4j-2.10.0.jar:/home/rutuja/.m2/repository/org/apache/logging/log4j/log4j-api/2.10.0/log4j-api-2.10.0.jar:/home/rutuja/.m2/repository/org/slf4j/jul-to-slf4j/1.7.25/jul-to-slf4j-1.7.25.jar:/home/rutuja/.m2/repository/javax/annotation/javax.annotation-api/1.3.2/javax.annotation-api-1.3.2.jar:/home/rutuja/.m2/repository/org/yaml/snakeyaml/1.19/snakeyaml-1.19.jar:/home/rutuja/.m2/repository/org/springframework/boot/spring-boot-starter-json/2.0.1.RELEASE/spring-boot-starter-json-2.0.1.RELEASE.jar:/home/rutuja/.m2/repository/com/fasterxml/jackson/datatype/jackson-datatype-jdk8/2.9.5/jackson-datatype-jdk8-2.9.5.jar:/home/rutuja/.m2/repository/com/fasterxml/jackson/datatype/jackson-datatype-jsr310/2.9.5/jackson-datatype-jsr310-2.9.5.jar:/home/rutuja/.m2/repository/com/fasterxml/jackson/module/jackson-module-parameter-names/2.9.5/jackson-module-parameter-names-2.9.5.jar:/home/rutuja/.m2/repository/org/springframework/boot/spring-boot-starter-tomcat/2.0.1.RELEASE/spring-boot-starter-tomcat-2.0.1.RELEASE.jar:/home/rutuja/.m2/repository/org/apache/tomcat/embed/tomcat-embed-core/8.5.29/tomcat-embed-core-8.5.29.jar:/home/rutuja/.m2/repository/org/apache/tomcat/embed/tomcat-embed-el/8.5.29/tomcat-embed-el-8.5.29.jar:/home/rutuja/.m2/repository/org/apache/tomcat/embed/tomcat-embed-websocket/8.5.29/tomcat-embed-websocket-8.5.29.jar:/home/rutuja/.m2/repository/org/hibernate/validator/hibernate-validator/6.0.9.Final/hibernate-validator-6.0.9.Final.jar:/home/rutuja/.m2/repository/javax/validation/validation-api/2.0.1.Final/validation-api-2.0.1.Final.jar:/home/rutuja/.m2/repository/org/jboss/logging/jboss-logging/3.3.2.Final/jboss-logging-3.3.2.Final.jar:/home/rutuja/.m2/repository/com/fasterxml/classmate/1.3.4/classmate-1.3.4.jar:/home/rutuja/.m2/repository/org/springframework/spring-web/5.0.5.RELEASE/spring-web-5.0.5.RELEASE.jar:/home/rutuja/.m2/repository/org/springframework/spring-beans/5.0.5.RELEASE/spring-beans-5.0.5.RELEASE.jar:/home/rutuja/.m2/repository/org/springframework/spring-webmvc/5.0.5.RELEASE/spring-webmvc-5.0.5.RELEASE.jar:/home/rutuja/.m2/repository/org/springframework/spring-aop/5.0.5.RELEASE/spring-aop-5.0.5.RELEASE.jar:/home/rutuja/.m2/repository/org/springframework/spring-expression/5.0.5.RELEASE/spring-expression-5.0.5.RELEASE.jar:/home/rutuja/.m2/repository/org/springframework/boot/spring-boot-starter-test/2.0.1.RELEASE/spring-boot-starter-test-2.0.1.RELEASE.jar:/home/rutuja/.m2/repository/org/springframework/boot/spring-boot-test/2.0.1.RELEASE/spring-boot-test-2.0.1.RELEASE.jar:/home/rutuja/.m2/repository/org/springframework/boot/spring-boot-test-autoconfigure/2.0.1.RELEASE/spring-boot-test-autoconfigure-2.0.1.RELEASE.jar:/home/rutuja/.m2/repository/com/jayway/jsonpath/json-path/2.4.0/json-path-2.4.0.jar:/home/rutuja/.m2/repository/net/minidev/json-smart/2.3/json-smart-2.3.jar:/home/rutuja/.m2/repository/net/minidev/accessors-smart/1.2/accessors-smart-1.2.jar:/home/rutuja/.m2/repository/org/ow2/asm/asm/5.0.4/asm-5.0.4.jar:/home/rutuja/.m2/repository/junit/junit/4.12/junit-4.12.jar:/home/rutuja/.m2/repository/org/assertj/assertj-core/3.9.1/assertj-core-3.9.1.jar:/home/rutuja/.m2/repository/org/mockito/mockito-core/2.15.0/mockito-core-2.15.0.jar:/home/rutuja/.m2/repository/net/bytebuddy/byte-buddy/1.7.11/byte-buddy-1.7.11.jar:/home/rutuja/.m2/repository/net/bytebuddy/byte-buddy-agent/1.7.11/byte-buddy-agent-1.7.11.jar:/home/rutuja/.m2/repository/org/objenesis/objenesis/2.6/objenesis-2.6.jar:/home/rutuja/.m2/repository/org/hamcrest/hamcrest-core/1.3/hamcrest-core-1.3.jar:/home/rutuja/.m2/repository/org/hamcrest/hamcrest-library/1.3/hamcrest-library-1.3.jar:/home/rutuja/.m2/repository/org/skyscreamer/jsonassert/1.5.0/jsonassert-1.5.0.jar:/home/rutuja/.m2/repository/com/vaadin/external/google/android-json/0.0.20131108.vaadin1/android-json-0.0.20131108.vaadin1.jar:/home/rutuja/.m2/repository/org/springframework/spring-core/5.0.5.RELEASE/spring-core-5.0.5.RELEASE.jar:/home/rutuja/.m2/repository/org/springframework/spring-jcl/5.0.5.RELEASE/spring-jcl-5.0.5.RELEASE.jar:/home/rutuja/.m2/repository/org/springframework/spring-test/5.0.5.RELEASE/spring-test-5.0.5.RELEASE.jar:/home/rutuja/.m2/repository/org/xmlunit/xmlunit-core/2.5.1/xmlunit-core-2.5.1.jar:/home/rutuja/.m2/repository/org/springframework/boot/spring-boot-devtools/2.0.1.RELEASE/spring-boot-devtools-2.0.1.RELEASE.jar:/home/rutuja/.m2/repository/org/springframework/boot/spring-boot/2.0.1.RELEASE/spring-boot-2.0.1.RELEASE.jar:/home/rutuja/.m2/repository/org/springframework/boot/spring-boot-autoconfigure/2.0.1.RELEASE/spring-boot-autoconfigure-2.0.1.RELEASE.jar:/home/rutuja/.m2/repository/org/springframework/boot/spring-boot-starter-data-mongodb/2.0.1.RELEASE/spring-boot-starter-data-mongodb-2.0.1.RELEASE.jar:/home/rutuja/.m2/repository/org/mongodb/mongodb-driver/3.6.3/mongodb-driver-3.6.3.jar:/home/rutuja/.m2/repository/org/mongodb/bson/3.6.3/bson-3.6.3.jar:/home/rutuja/.m2/repository/org/mongodb/mongodb-driver-core/3.6.3/mongodb-driver-core-3.6.3.jar:/home/rutuja/.m2/repository/org/springframework/data/spring-data-mongodb/2.0.6.RELEASE/spring-data-mongodb-2.0.6.RELEASE.jar:/home/rutuja/.m2/repository/org/springframework/data/spring-data-commons/2.0.6.RELEASE/spring-data-commons-2.0.6.RELEASE.jar:/home/rutuja/.m2/repository/org/springframework/kafka/spring-kafka/2.1.5.RELEASE/spring-kafka-2.1.5.RELEASE.jar:/home/rutuja/.m2/repository/org/springframework/spring-context/5.0.5.RELEASE/spring-context-5.0.5.RELEASE.jar:/home/rutuja/.m2/repository/org/springframework/spring-messaging/5.0.5.RELEASE/spring-messaging-5.0.5.RELEASE.jar:/home/rutuja/.m2/repository/org/springframework/spring-tx/5.0.5.RELEASE/spring-tx-5.0.5.RELEASE.jar:/home/rutuja/.m2/repository/org/springframework/retry/spring-retry/1.2.2.RELEASE/spring-retry-1.2.2.RELEASE.jar:/home/rutuja/.m2/repository/org/apache/kafka/kafka-clients/1.0.1/kafka-clients-1.0.1.jar:/home/rutuja/.m2/repository/org/lz4/lz4-java/1.4/lz4-java-1.4.jar:/home/rutuja/.m2/repository/org/xerial/snappy/snappy-java/1.1.4/snappy-java-1.1.4.jar:/home/rutuja/.m2/repository/org/springframework/kafka/spring-kafka-test/2.1.5.RELEASE/spring-kafka-test-2.1.5.RELEASE.jar:/home/rutuja/.m2/repository/org/apache/kafka/kafka-clients/1.0.1/kafka-clients-1.0.1-test.jar:/home/rutuja/.m2/repository/org/apache/kafka/kafka_2.11/1.0.1/kafka_2.11-1.0.1.jar:/home/rutuja/.m2/repository/net/sf/jopt-simple/jopt-simple/5.0.4/jopt-simple-5.0.4.jar:/home/rutuja/.m2/repository/com/yammer/metric
[...]
	at org.springframework.test.context.junit4.SpringJUnit4ClassRunner.runChild(SpringJUnit4ClassRunner.java:97) ~[spring-test-5.0.5.RELEASE.jar:5.0.5.RELEASE]
	at org.junit.runners.ParentRunner$3.run(ParentRunner.java:290) ~[junit-4.12.jar:4.12]
	at org.junit.runners.ParentRunner$1.schedule(ParentRunner.java:71) ~[junit-4.12.jar:4.12]
	at org.junit.runners.ParentRunner.runChildren(ParentRunner.java:288) ~[junit-4.12.jar:4.12]
	at org.junit.runners.ParentRunner.access$000(ParentRunner.java:58) ~[junit-4.12.jar:4.12]
	at org.junit.runners.ParentRunner$2.evaluate(ParentRunner.java:268) ~[junit-4.12.jar:4.12]
	at org.springframework.test.context.junit4.statements.RunBeforeTestClassCallbacks.evaluate(RunBeforeTestClassCallbacks.java:61) ~[spring-test-5.0.5.RELEASE.jar:5.0.5.RELEASE]
	at org.springframework.test.context.junit4.statements.RunAfterTestClassCallbacks.evaluate(RunAfterTestClassCallbacks.java:70) ~[spring-test-5.0.5.RELEASE.jar:5.0.5.RELEASE]
	at org.junit.runners.ParentRunner.run(ParentRunner.java:363) ~[junit-4.12.jar:4.12]
	at org.springframework.test.context.junit4.SpringJUnit4ClassRunner.run(SpringJUnit4ClassRunner.java:190) ~[spring-test-5.0.5.RELEASE.jar:5.0.5.RELEASE]
	at org.apache.maven.surefire.junit4.JUnit4Provider.execute(JUnit4Provider.java:365) ~[surefire-junit4-2.21.0.jar:2.21.0]
	at org.apache.maven.surefire.junit4.JUnit4Provider.executeWithRerun(JUnit4Provider.java:273) ~[surefire-junit4-2.21.0.jar:2.21.0]
	at org.apache.maven.surefire.junit4.JUnit4Provider.executeTestSet(JUnit4Provider.java:238) ~[surefire-junit4-2.21.0.jar:2.21.0]
	at org.apache.maven.surefire.junit4.JUnit4Provider.invoke(JUnit4Provider.java:159) ~[surefire-junit4-2.21.0.jar:2.21.0]
	at org.apache.maven.surefire.booter.ForkedBooter.invokeProviderInSameClassLoader(ForkedBooter.java:379) ~[surefire-booter-2.21.0.jar:2.21.0]
	at org.apache.maven.surefire.booter.ForkedBooter.runSuitesInProcess(ForkedBooter.java:340) ~[surefire-booter-2.21.0.jar:2.21.0]
	at org.apache.maven.surefire.booter.ForkedBooter.execute(ForkedBooter.java:125) ~[surefire-booter-2.21.0.jar:2.21.0]
	at org.apache.maven.surefire.booter.ForkedBooter.main(ForkedBooter.java:413) ~[surefire-booter-2.21.0.jar:2.21.0]
Caused by: java.lang.UnsupportedOperationException: Cannot define class using reflection
	at net.bytebuddy.dynamic.loading.ClassInjector$UsingReflection$Dispatcher$Unavailable.defineClass(ClassInjector.java:821) ~[byte-buddy-1.7.11.jar:na]
	at net.bytebuddy.dynamic.loading.ClassInjector$UsingReflection.inject(ClassInjector.java:185) ~[byte-buddy-1.7.11.jar:na]
	at net.bytebuddy.dynamic.loading.ClassLoadingStrategy$Default$InjectionDispatcher.load(ClassLoadingStrategy.java:187) ~[byte-buddy-1.7.11.jar:na]
	at net.bytebuddy.dynamic.TypeResolutionStrategy$Passive.initialize(TypeResolutionStrategy.java:79) ~[byte-buddy-1.7.11.jar:na]
	at net.bytebuddy.dynamic.DynamicType$Default$Unloaded.load(DynamicType.java:4457) ~[byte-buddy-1.7.11.jar:na]
	at org.mockito.internal.creation.bytebuddy.SubclassBytecodeGenerator.mockClass(SubclassBytecodeGenerator.java:121) ~[mockito-core-2.15.0.jar:na]
	at org.mockito.internal.creation.bytebuddy.TypeCachingBytecodeGenerator$1.call(TypeCachingBytecodeGenerator.java:37) ~[mockito-core-2.15.0.jar:na]
	at org.mockito.internal.creation.bytebuddy.TypeCachingBytecodeGenerator$1.call(TypeCachingBytecodeGenerator.java:34) ~[mockito-core-2.15.0.jar:na]
	at net.bytebuddy.TypeCache.findOrInsert(TypeCache.java:138) ~[byte-buddy-1.7.11.jar:na]
	at net.bytebuddy.TypeCache$WithInlineExpunction.findOrInsert(TypeCache.java:346) ~[byte-buddy-1.7.11.jar:na]
	at net.bytebuddy.TypeCache.findOrInsert(TypeCache.java:161) ~[byte-buddy-1.7.11.jar:na]
	at net.bytebuddy.TypeCache$WithInlineExpunction.findOrInsert(TypeCache.java:355) ~[byte-buddy-1.7.11.jar:na]
	at org.mockito.internal.creation.bytebuddy.TypeCachingBytecodeGenerator.mockClass(TypeCachingBytecodeGenerator.java:32) ~[mockito-core-2.15.0.jar:na]
	at org.mockito.internal.creation.bytebuddy.SubclassByteBuddyMockMaker.createMockType(SubclassByteBuddyMockMaker.java:71) ~[mockito-core-2.15.0.jar:na]
	at org.mockito.internal.creation.bytebuddy.SubclassByteBuddyMockMaker.createMock(SubclassByteBuddyMockMaker.java:42) ~[mockito-core-2.15.0.jar:na]
	at org.mockito.internal.creation.bytebuddy.ByteBuddyMockMaker.createMock(ByteBuddyMockMaker.java:25) ~[mockito-core-2.15.0.jar:na]
	at org.mockito.internal.util.MockUtil.createMock(MockUtil.java:35) ~[mockito-core-2.15.0.jar:na]
	at org.mockito.internal.MockitoCore.mock(MockitoCore.java:65) ~[mockito-core-2.15.0.jar:na]
	at org.mockito.Mockito.mock(Mockito.java:1855) ~[mockito-core-2.15.0.jar:na]
	... 44 common frames omitted
Caused by: java.lang.IllegalStateException: Could not find sun.misc.Unsafe
	at net.bytebuddy.dynamic.loading.ClassInjector$UsingUnsafe$Dispatcher$Disabled.initialize(ClassInjector.java:1366) ~[byte-buddy-1.7.11.jar:na]
	at net.bytebuddy.dynamic.loading.ClassInjector$UsingUnsafe.inject(ClassInjector.java:1202) ~[byte-buddy-1.7.11.jar:na]
	at net.bytebuddy.dynamic.loading.ClassLoadingStrategy$ForUnsafeInjection.load(ClassLoadingStrategy.java:458) ~[byte-buddy-1.7.11.jar:na]
	at net.bytebuddy.dynamic.TypeResolutionStrategy$Passive.initialize(TypeResolutionStrategy.java:79) ~[byte-buddy-1.7.11.jar:na]
	at net.bytebuddy.dynamic.DynamicType$Default$Unloaded.load(DynamicType.java:4457) ~[byte-buddy-1.7.11.jar:na]
	at net.bytebuddy.dynamic.loading.ClassInjector$UsingReflection$Dispatcher$Indirect.make(ClassInjector.java:684) ~[byte-buddy-1.7.11.jar:na]
	at net.bytebuddy.dynamic.loading.ClassInjector$UsingReflection$Dispatcher$CreationAction.run(ClassInjector.java:302) ~[byte-buddy-1.7.11.jar:na]
	at net.bytebuddy.dynamic.loading.ClassInjector$UsingReflection$Dispatcher$CreationAction.run(ClassInjector.java:290) ~[byte-buddy-1.7.11.jar:na]
	at java.base/java.security.AccessController.doPrivileged(Native Method) ~[na:na]
	at net.bytebuddy.dynamic.loading.ClassInjector$UsingReflection.<clinit>(ClassInjector.java:70) ~[byte-buddy-1.7.11.jar:na]
	at net.bytebuddy.dynamic.loading.ClassLoadingStrategy$Default$InjectionDispatcher.load(ClassLoadingStrategy.java:184) ~[byte-buddy-1.7.11.jar:na]
	... 60 common frames omitted
Caused by: java.lang.NoSuchMethodException: sun.misc.Unsafe.defineClass(java.lang.String, [B, int, int, java.lang.ClassLoader, java.security.ProtectionDomain)
	at java.base/java.lang.Class.getMethod(Class.java:2109) ~[na:na]
	at net.bytebuddy.dynamic.loading.ClassInjector$UsingUnsafe$Dispatcher$CreationAction.run(ClassInjector.java:1269) ~[byte-buddy-1.7.11.jar:na]
	at net.bytebuddy.dynamic.loading.ClassInjector$UsingUnsafe$Dispatcher$CreationAction.run(ClassInjector.java:1257) ~[byte-buddy-1.7.11.jar:na]
	at java.base/java.security.AccessController.doPrivileged(Native Method) ~[na:na]
	at net.bytebuddy.dynamic.loading.ClassInjector$UsingUnsafe.<clinit>(ClassInjector.java:1136) ~[byte-buddy-1.7.11.jar:na]
	... 69 common frames omitted

2019-03-09 16:32:12.626  INFO 9610 --- [           main] o.s.w.c.s.GenericWebApplicationContext   : Closing org.springframework.web.context.support.GenericWebApplicationContext@6637a365: startup date [Sat Mar 09 16:32:12 IST 2019]; parent: org.springframework.context.annotation.AnnotationConfigApplicationContext@1ac730cd
2019-03-09 16:32:12.627 ERROR 9610 --- [           main] o.s.test.context.TestContextManager      : Caught exception while allowing TestExecutionListener [org.springframework.boot.test.mock.mockito.MockitoTestExecutionListener@25be7b63] to prepare test instance [com.stackroute.questions.QGControllerTest@281b2dfd]

java.lang.IllegalStateException: Failed to load ApplicationContext
	at org.springframework.test.context.cache.DefaultCacheAwareContextLoaderDelegate.loadContext(DefaultCacheAwareContextLoaderDelegate.java:125) ~[spring-test-5.0.5.RELEASE.jar:5.0.5.RELEASE]
	at org.springframework.test.context.support.DefaultTestContext.getApplicationContext(DefaultTestContext.java:108) ~[spring-test-5.0.5.RELEASE.jar:5.0.5.RELEASE]
	at org.springframework.boot.test.mock.mockito.MockitoTestExecutionListener.postProcessFields(MockitoTestExecutionListener.java:99) ~[spring-boot-test-2.0.1.RELEASE.jar:2.0.1.RELEASE]
	at org.springframework.boot.test.mock.mockito.MockitoTestExecutionListener.injectFields(MockitoTestExecutionListener.java:79) ~[spring-boot-test-2.0.1.RELEASE.jar:2.0.1.RELEASE]
	at org.springframework.boot.test.mock.mockito.MockitoTestExecutionListener.prepareTestInstance(MockitoTestExecutionListener.java:54) ~[spring-boot-test-2.0.1.RELEASE.jar:2.0.1.RELEASE]
	at org.springframework.test.context.TestContextManager.prepareTestInstance(TestContextManager.java:246) ~[spring-test-5.0.5.RELEASE.jar:5.0.5.RELEASE]
	at org.springframework.test.context.junit4.SpringJUnit4ClassRunner.createTest(SpringJUnit4ClassRunner.java:227) ~[spring-test-5.0.5.RELEASE.jar:5.0.5.RELEASE]
	at org.springframework.test.context.junit4.SpringJUnit4ClassRunner$1.runReflectiveCall(SpringJUnit4ClassRunner.java:289) ~[spring-test-5.0.5.RELEASE.jar:5.0.5.RELEASE]
	at org.junit.internal.runners.model.ReflectiveCallable.run(ReflectiveCallable.java:12) ~[junit-4.12.jar:4.12]
	at org.springframework.test.context.junit4.SpringJUnit4ClassRunner.methodBlock(SpringJUnit4ClassRunner.java:291) ~[spring-test-5.0.5.RELEASE.jar:5.0.5.RELEASE]
	at org.springframework.test.context.junit4.SpringJUnit4ClassRunner.runChild(SpringJUnit4ClassRunner.java:246) ~[spring-test-5.0.5.RELEASE.jar:5.0.5.RELEASE]
	at org.springframework.test.context.junit4.SpringJUnit4ClassRunner.runChild(SpringJUnit4ClassRunner.java:97) ~[spring-test-5.0.5.RELEASE.jar:5.0.5.RELEASE]
	at org.junit.runners.ParentRunner$3.run(ParentRunner.java:290) ~[junit-4.12.jar:4.12]
	at org.junit.runners.ParentRunner$1.schedule(ParentRunner.java:71) ~[junit-4.12.jar:4.12]
	at org.junit.runners.ParentRunner.runChildren(ParentRunner.java:288) ~[junit-4.12.jar:4.12]
	at org.junit.runners.ParentRunner.access$000(ParentRunner.java:58) ~[junit-4.12.jar:4.12]
	at org.junit.runners.ParentRunner$2.evaluate(ParentRunner.java:268) ~[junit-4.12.jar:4.12]
	at org.springframework.test.context.junit4.statements.RunBeforeTestClassCallbacks.evaluate(RunBeforeTestClassCallbacks.java:61) ~[spring-test-5.0.5.RELEASE.jar:5.0.5.RELEASE]
	at org.springframework.test.context.junit4.statements.RunAfterTestClassCallbacks.evaluate(RunAfterTestClassCallbacks.java:70) ~[spring-test-5.0.5.RELEASE.jar:5.0.5.RELEASE]
	at org.junit.runners.ParentRunner.run(ParentRunner.java:363) ~[junit-4.12.jar:4.12]
	at org.springframework.test.context.junit4.SpringJUnit4ClassRunner.run(SpringJUnit4ClassRunner.java:190) ~[spring-test-5.0.5.RELEASE.jar:5.0.5.RELEASE]
	at org.apache.maven.surefire.junit4.JUnit4Provider.execute(JUnit4Provider.java:365) ~[surefire-junit4-2.21.0.jar:2.21.0]
	at org.apache.maven.surefire.junit4.JUnit4Provider.executeWithRerun(JUnit4Provider.java:273) ~[surefire-junit4-2.21.0.jar:2.21.0]
	at org.apache.maven.surefire.junit4.JUnit4Provider.executeTestSet(JUnit4Provider.java:238) ~[surefire-junit4-2.21.0.jar:2.21.0]
	at org.apache.maven.surefire.junit4.JUnit4Provider.invoke(JUnit4Provider.java:159) ~[surefire-junit4-2.21.0.jar:2.21.0]
	at org.apache.maven.surefire.booter.ForkedBooter.invokeProviderInSameClassLoader(ForkedBooter.java:379) ~[surefire-booter-2.21.0.jar:2.21.0]
	at org.apache.maven.surefire.booter.ForkedBooter.runSuitesInProcess(ForkedBooter.java:340) ~[surefire-booter-2.21.0.jar:2.21.0]
	at org.apache.maven.surefire.booter.ForkedBooter.execute(ForkedBooter.java:125) ~[surefire-booter-2.21.0.jar:2.21.0]
	at org.apache.maven.surefire.booter.ForkedBooter.main(ForkedBooter.java:413) ~[surefire-booter-2.21.0.jar:2.21.0]
Caused by: org.mockito.exceptions.base.MockitoException: 
Mockito cannot mock this class: class com.stackroute.questions.kafka.Sender.

Mockito can only mock non-private & non-final classes.
If you're not sure why you're getting this error, please report to the mailing list.


Java               : 11
JVM vendor name    : Oracle Corporation
JVM vendor version : 11.0.1+13-Ubuntu-3ubuntu118.04ppa1
JVM name           : OpenJDK 64-Bit Server VM
JVM version        : 11.0.1+13-Ubuntu-3ubuntu118.04ppa1
JVM info           : mixed mode, sharing
OS name            : Linux
OS version         : 4.15.0-45-generic


Underlying exception : java.lang.UnsupportedOperationException: Cannot define class using reflection
	at org.springframework.boot.test.mock.mockito.MockDefinition.createMock(MockDefinition.java:157) ~[spring-boot-test-2.0.1.RELEASE.jar:2.0.1.RELEASE]
	at org.springframework.boot.test.mock.mockito.MockitoPostProcessor.createMock(MockitoPostProcessor.java:222) ~[spring-boot-test-2.0.1.RELEASE.jar:2.0.1.RELEASE]
	at org.springframework.boot.test.mock.mockito.MockitoPostProcessor.registerMock(MockitoPostProcessor.java:192) ~[spring-boot-test-2.0.1.RELEASE.jar:2.0.1.RELEASE]
	at org.springframework.boot.test.mock.mockito.MockitoPostProcessor.register(MockitoPostProcessor.java:174) ~[spring-boot-test-2.0.1.RELEASE.jar:2.0.1.RELEASE]
	at org.springframework.boot.test.mock.mockito.MockitoPostProcessor.postProcessBeanFactory(MockitoPostProcessor.java:144) ~[spring-boot-test-2.0.1.RELEASE.jar:2.0.1.RELEASE]
	at org.springframework.boot.test.mock.mockito.MockitoPostProcessor.postProcessBeanFactory(MockitoPostProcessor.java:131) ~[spring-boot-test-2.0.1.RELEASE.jar:2.0.1.RELEASE]
	at org.springframework.context.support.PostProcessorRegistrationDelegate.invokeBeanFactoryPostProcessors(PostProcessorRegistrationDelegate.java:284) ~[spring-context-5.0.5.RELEASE.jar:5.0.5.RELEASE]
	at org.springframework.context.support.PostProcessorRegistrationDelegate.invokeBeanFactoryPostProcessors(PostProcessorRegistrationDelegate.java:172) ~[spring-context-5.0.5.RELEASE.jar:5.0.5.RELEASE]
	at org.springframework.context.support.AbstractApplicationContext.invokeBeanFactoryPostProcessors(AbstractApplicationContext.java:694) ~[spring-context-5.0.5.RELEASE.jar:5.0.5.RELEASE]
	at org.springframework.context.support.AbstractApplicationContext.refresh(AbstractApplicationContext.java:532) ~[spring-context-5.0.5.RELEASE.jar:5.0.5.RELEASE]
	at org.springframework.boot.SpringApplication.refresh(SpringApplication.java:759) ~[spring-boot-2.0.1.RELEASE.jar:2.0.1.RELEASE]
	at org.springframework.boot.SpringApplication.refreshContext(SpringApplication.java:395) ~[spring-boot-2.0.1.RELEASE.jar:2.0.1.RELEASE]
	at org.springframework.boot.SpringApplication.run(SpringApplication.java:327) ~[spring-boot-2.0.1.RELEASE.jar:2.0.1.RELEASE]
	at org.springframework.boot.test.context.SpringBootContextLoader.loadContext(SpringBootContextLoader.java:138) ~[spring-boot-test-2.0.1.RELEASE.jar:2.0.1.RELEASE]
	at org.springframework.test.context.cache.DefaultCacheAwareContextLoaderDelegate.loadContextInternal(DefaultCacheAwareContextLoaderDelegate.java:99) ~[spring-test-5.0.5.RELEASE.jar:5.0.5.RELEASE]
	at org.springframework.test.context.cache.DefaultCacheAwareContextLoaderDelegate.loadContext(DefaultCacheAwareContextLoaderDelegate.java:117) ~[spring-test-5.0.5.RELEASE.jar:5.0.5.RELEASE]
	... 28 common frames omitted
Caused by: java.lang.UnsupportedOperationException: Cannot define class using reflection
	at net.bytebuddy.dynamic.loading.ClassInjector$UsingReflection$Dispatcher$Unavailable.defineClass(ClassInjector.java:821) ~[byte-buddy-1.7.11.jar:na]
	at net.bytebuddy.dynamic.loading.ClassInjector$UsingReflection.inject(ClassInjector.java:185) ~[byte-buddy-1.7.11.jar:na]
	at net.bytebuddy.dynamic.loading.ClassLoadingStrategy$Default$InjectionDispatcher.load(ClassLoadingStrategy.java:187) ~[byte-buddy-1.7.11.jar:na]
	at net.bytebuddy.dynamic.TypeResolutionStrategy$Passive.initialize(TypeResolutionStrategy.java:79) ~[byte-buddy-1.7.11.jar:na]
	at net.bytebuddy.dynamic.DynamicType$Default$Unloaded.load(DynamicType.java:4457) ~[byte-buddy-1.7.11.jar:na]
	at org.mockito.internal.creation.bytebuddy.SubclassBytecodeGenerator.mockClass(SubclassBytecodeGenerator.java:121) ~[mockito-core-2.15.0.jar:na]
	at org.mockito.internal.creation.bytebuddy.TypeCachingBytecodeGenerator$1.call(TypeCachingBytecodeGenerator.java:37) ~[mockito-core-2.15.0.jar:na]
	at org.mockito.internal.creation.bytebuddy.TypeCachingBytecodeGenerator$1.call(TypeCachingBytecodeGenerator.java:34) ~[mockito-core-2.15.0.jar:na]
	at net.bytebuddy.TypeCache.findOrInsert(TypeCache.java:138) ~[byte-buddy-1.7.11.jar:na]
	at net.bytebuddy.TypeCache$WithInlineExpunction.findOrInsert(TypeCache.java:346) ~[byte-buddy-1.7.11.jar:na]
	at net.bytebuddy.TypeCache.findOrInsert(TypeCache.java:161) ~[byte-buddy-1.7.11.jar:na]
	at net.bytebuddy.TypeCache$WithInlineExpunction.findOrInsert(TypeCache.java:355) ~[byte-buddy-1.7.11.jar:na]
	at org.mockito.internal.creation.bytebuddy.TypeCachingBytecodeGenerator.mockClass(TypeCachingBytecodeGenerator.java:32) ~[mockito-core-2.15.0.jar:na]
	at org.mockito.internal.creation.bytebuddy.SubclassByteBuddyMockMaker.createMockType(SubclassByteBuddyMockMaker.java:71) ~[mockito-core-2.15.0.jar:na]
	at org.mockito.internal.creation.bytebuddy.SubclassByteBuddyMockMaker.createMock(SubclassByteBuddyMockMaker.java:42) ~[mockito-core-2.15.0.jar:na]
	at org.mockito.internal.creation.bytebuddy.ByteBuddyMockMaker.createMock(ByteBuddyMockMaker.java:25) ~[mockito-core-2.15.0.jar:na]
	at org.mockito.internal.util.MockUtil.createMock(MockUtil.java:35) ~[mockito-core-2.15.0.jar:na]
	at org.mockito.internal.MockitoCore.mock(MockitoCore.java:65) ~[mockito-core-2.15.0.jar:na]
	at org.mockito.Mockito.mock(Mockito.java:1855) ~[mockito-core-2.15.0.jar:na]
	... 44 common frames omitted
Caused by: java.lang.IllegalStateException: Could not find sun.misc.Unsafe
	at net.bytebuddy.dynamic.loading.ClassInjector$UsingUnsafe$Dispatcher$Disabled.initialize(ClassInjector.java:1366) ~[byte-buddy-1.7.11.jar:na]
	at net.bytebuddy.dynamic.loading.ClassInjector$UsingUnsafe.inject(ClassInjector.java:1202) ~[byte-buddy-1.7.11.jar:na]
	at net.bytebuddy.dynamic.loading.ClassLoadingStrategy$ForUnsafeInjection.load(ClassLoadingStrategy.java:458) ~[byte-buddy-1.7.11.jar:na]
	at net.bytebuddy.dynamic.TypeResolutionStrategy$Passive.initialize(TypeResolutionStrategy.java:79) ~[byte-buddy-1.7.11.jar:na]
	at net.bytebuddy.dynamic.DynamicType$Default$Unloaded.load(DynamicType.java:4457) ~[byte-buddy-1.7.11.jar:na]
	at net.bytebuddy.dynamic.loading.ClassInjector$UsingReflection$Dispatcher$Indirect.make(ClassInjector.java:684) ~[byte-buddy-1.7.11.jar:na]
	at net.bytebuddy.dynamic.loading.ClassInjector$UsingReflection$Dispatcher$CreationAction.run(ClassInjector.java:302) ~[byte-buddy-1.7.11.jar:na]
	at net.bytebuddy.dynamic.loading.ClassInjector$UsingReflection$Dispatcher$CreationAction.run(ClassInjector.java:290) ~[byte-buddy-1.7.11.jar:na]
	at java.base/java.security.AccessController.doPrivileged(Native Method) ~[na:na]
	at net.bytebuddy.dynamic.loading.ClassInjector$UsingReflection.<clinit>(ClassInjector.java:70) ~[byte-buddy-1.7.11.jar:na]
	at net.bytebuddy.dynamic.loading.ClassLoadingStrategy$Default$InjectionDispatcher.load(ClassLoadingStrategy.java:184) ~[byte-buddy-1.7.11.jar:na]
	... 60 common frames omitted
Caused by: java.lang.NoSuchMethodException: sun.misc.Unsafe.defineClass(java.lang.String, [B, int, int, java.lang.ClassLoader, java.security.ProtectionDomain)
	at java.base/java.lang.Class.getMethod(Class.java:2109) ~[na:na]
	at net.bytebuddy.dynamic.loading.ClassInjector$UsingUnsafe$Dispatcher$CreationAction.run(ClassInjector.java:1269) ~[byte-buddy-1.7.11.jar:na]
	at net.bytebuddy.dynamic.loading.ClassInjector$UsingUnsafe$Dispatcher$CreationAction.run(ClassInjector.java:1257) ~[byte-buddy-1.7.11.jar:na]
	at java.base/java.security.AccessController.doPrivileged(Native Method) ~[na:na]
	at net.bytebuddy.dynamic.loading.ClassInjector$UsingUnsafe.<clinit>(ClassInjector.java:1136) ~[byte-buddy-1.7.11.jar:na]
	... 69 common frames omitted

]]></system-out>
  </testcase>
</testsuite>